Requirement already satisfied: torch==1.0.1 in /home/lgpu0119/.local/lib/python3.6/site-packages (from -r requirements.txt (line 2))
Requirement already satisfied: torchvision==0.2.2 in /home/lgpu0119/.local/lib/python3.6/site-packages (from -r requirements.txt (line 3))
Requirement already satisfied: pandas==0.24.2 in /home/lgpu0119/.local/lib/python3.6/site-packages (from -r requirements.txt (line 4))
Requirement already satisfied: matplotlib==3.0.3 in /home/lgpu0119/.local/lib/python3.6/site-packages (from -r requirements.txt (line 5))
Requirement already satisfied: numpy==1.16.2 in /home/lgpu0119/.local/lib/python3.6/site-packages (from -r requirements.txt (line 6))
Requirement already satisfied: scipy==1.2.1 in /home/lgpu0119/.local/lib/python3.6/site-packages (from -r requirements.txt (line 7))
Requirement already satisfied: pillow>=4.1.1 in /home/lgpu0119/.local/lib/python3.6/site-packages (from torchvision==0.2.2->-r requirements.txt (line 3))
Requirement already satisfied: six in /sara/eb/Debian9/Python/3.6.3-foss-2017b/lib/python3.6/site-packages/six-1.11.0-py3.6.egg (from torchvision==0.2.2->-r requirements.txt (line 3))
Requirement already satisfied: tqdm==4.19.9 in /home/lgpu0119/.local/lib/python3.6/site-packages (from torchvision==0.2.2->-r requirements.txt (line 3))
Requirement already satisfied: pytz>=2011k in /sara/eb/Debian9/Python/3.6.3-foss-2017b/lib/python3.6/site-packages/pytz-2017.3-py3.6.egg (from pandas==0.24.2->-r requirements.txt (line 4))
Requirement already satisfied: python-dateutil>=2.5.0 in /sara/eb/Debian9/Python/3.6.3-foss-2017b/lib/python3.6/site-packages/python_dateutil-2.6.1-py3.6.egg (from pandas==0.24.2->-r requirements.txt (line 4))
Requirement already satisfied: cycler>=0.10 in /home/lgpu0119/.local/lib/python3.6/site-packages (from matplotlib==3.0.3->-r requirements.txt (line 5))
Requirement already satisfied: pyparsing!=2.0.4,!=2.1.2,!=2.1.6,>=2.0.1 in /sara/eb/Debian9/Python/3.6.3-foss-2017b/lib/python3.6/site-packages/pyparsing-2.2.0-py3.6.egg (from matplotlib==3.0.3->-r requirements.txt (line 5))
Requirement already satisfied: kiwisolver>=1.0.1 in /home/lgpu0119/.local/lib/python3.6/site-packages (from matplotlib==3.0.3->-r requirements.txt (line 5))
Requirement already satisfied: setuptools in /home/lgpu0119/.local/lib/python3.6/site-packages (from kiwisolver>=1.0.1->matplotlib==3.0.3->-r requirements.txt (line 5))
You are using pip version 9.0.1, however version 19.3.1 is available.
You should consider upgrading via the 'pip install --upgrade pip' command.
dnn_hidden_units : 100
learning_rate : 0.002
max_steps : 1500
batch_size : 100
eval_freq : 100
data_dir : ./cifar10/cifar-10-batches-py
neg_slope : 0.02
optimizer : Adam
[DEBUG], Device  cuda:0
n_inputs 3072, n_classes 10
[DEBUG] start training
iter 0, train_loss_avg 18.080524444580078, test_loss_avg 122.31697845458984, train_acc 0.14000000059604645, test_acc_avg 0.14809999615574876
iter 100, train_loss_avg 46.35447723086518, test_loss_avg 26.25612449645996, train_acc 0.38999998569488525, test_acc_avg 0.30399999259908994
iter 200, train_loss_avg 32.26692376682414, test_loss_avg 10.757915496826172, train_acc 0.29999998211860657, test_acc_avg 0.3184999924103419
iter 300, train_loss_avg 23.74917054810001, test_loss_avg 3.982506513595581, train_acc 0.32999998331069946, test_acc_avg 0.33459999232490856
iter 400, train_loss_avg 18.554591379558058, test_loss_avg 2.1361000537872314, train_acc 0.4099999964237213, test_acc_avg 0.361299991697073
iter 500, train_loss_avg 15.254467971548587, test_loss_avg 1.9145588874816895, train_acc 0.3999999761581421, test_acc_avg 0.3801999907096227
iter 600, train_loss_avg 13.010265555834016, test_loss_avg 1.9223811626434326, train_acc 0.4399999976158142, test_acc_avg 0.3723999913434188
iter 700, train_loss_avg 11.407604041351231, test_loss_avg 1.8316054344177246, train_acc 0.4699999988079071, test_acc_avg 0.40299998958905536
iter 800, train_loss_avg 10.206449743216107, test_loss_avg 1.8803434371948242, train_acc 0.3999999761581421, test_acc_avg 0.39919998979568483
iter 900, train_loss_avg 9.274882787340356, test_loss_avg 1.9599113464355469, train_acc 0.41999998688697815, test_acc_avg 0.37669999106725055
iter 1000, train_loss_avg 8.530262579093803, test_loss_avg 1.8373098373413086, train_acc 0.4699999988079071, test_acc_avg 0.39529999015728634
iter 1100, train_loss_avg 7.916348970445257, test_loss_avg 1.8742934465408325, train_acc 0.3199999928474426, test_acc_avg 0.385399990439415
iter 1200, train_loss_avg 7.412160073688485, test_loss_avg 2.034072160720825, train_acc 0.4099999964237213, test_acc_avg 0.3667999913195769
iter 1300, train_loss_avg 6.989660534833048, test_loss_avg 2.0061166286468506, train_acc 0.28999999165534973, test_acc_avg 0.3710999910235405
iter 1400, train_loss_avg 6.631296406721405, test_loss_avg 2.136551856994629, train_acc 0.3700000047683716, test_acc_avg 0.3533999923070272
Best Accuracy 0.40299998958905536
dnn_hidden_units : 100
learning_rate : 0.002
max_steps : 1500
batch_size : 100
eval_freq : 100
data_dir : ./cifar10/cifar-10-batches-py
neg_slope : 0.02
optimizer : Adamax
[DEBUG], Device  cuda:0
n_inputs 3072, n_classes 10
[DEBUG] start training
iter 0, train_loss_avg 18.080524444580078, test_loss_avg 122.31710052490234, train_acc 0.14000000059604645, test_acc_avg 0.14809999615574876
iter 100, train_loss_avg 30.070449375870204, test_loss_avg 20.064176559448242, train_acc 0.3400000035762787, test_acc_avg 0.3168999923566977
iter 200, train_loss_avg 23.87858826366823, test_loss_avg 16.40452003479004, train_acc 0.3700000047683716, test_acc_avg 0.3251999924480915
iter 300, train_loss_avg 21.113384614355144, test_loss_avg 13.423137664794922, train_acc 0.35999998450279236, test_acc_avg 0.30849999272823336
iter 400, train_loss_avg 19.04154982887896, test_loss_avg 12.199945449829102, train_acc 0.25, test_acc_avg 0.3269999925295512
iter 500, train_loss_avg 17.490850404826944, test_loss_avg 10.644987106323242, train_acc 0.4099999964237213, test_acc_avg 0.32739999241630235
iter 600, train_loss_avg 16.111631706034682, test_loss_avg 11.351020812988281, train_acc 0.3499999940395355, test_acc_avg 0.30519999262690545
iter 700, train_loss_avg 14.90197173062813, test_loss_avg 7.697607517242432, train_acc 0.38999998569488525, test_acc_avg 0.34619999160369236
iter 800, train_loss_avg 13.833763126130407, test_loss_avg 6.248371124267578, train_acc 0.44999998807907104, test_acc_avg 0.36299999114871023
iter 900, train_loss_avg 12.892962789694291, test_loss_avg 5.282809734344482, train_acc 0.4099999964237213, test_acc_avg 0.3616999916334947
iter 1000, train_loss_avg 12.024701571488357, test_loss_avg 3.752276659011841, train_acc 0.4099999964237213, test_acc_avg 0.3790999907652537
iter 1100, train_loss_avg 11.207888744182743, test_loss_avg 3.4612669944763184, train_acc 0.3400000035762787, test_acc_avg 0.3789999907116095
iter 1200, train_loss_avg 10.505348601210226, test_loss_avg 2.9703447818756104, train_acc 0.3999999761581421, test_acc_avg 0.37619999118645986
iter 1300, train_loss_avg 9.891102648624358, test_loss_avg 2.5650863647460938, train_acc 0.44999998807907104, test_acc_avg 0.386699990272522
iter 1400, train_loss_avg 9.332653224255509, test_loss_avg 2.0691492557525635, train_acc 0.44999998807907104, test_acc_avg 0.4202999888261159
Best Accuracy 0.4202999888261159
dnn_hidden_units : 100
learning_rate : 0.002
max_steps : 1500
batch_size : 100
eval_freq : 100
data_dir : ./cifar10/cifar-10-batches-py
neg_slope : 0.02
optimizer : Adagrad
[DEBUG], Device  cuda:0
n_inputs 3072, n_classes 10
[DEBUG] start training
iter 0, train_loss_avg 18.080524444580078, test_loss_avg 122.31710052490234, train_acc 0.14000000059604645, test_acc_avg 0.14809999615574876
iter 100, train_loss_avg 21.404409531319494, test_loss_avg 10.730589866638184, train_acc 0.32999998331069946, test_acc_avg 0.33049999217192333
iter 200, train_loss_avg 15.583776137128991, test_loss_avg 8.140291213989258, train_acc 0.22999998927116394, test_acc_avg 0.33919999212026597
iter 300, train_loss_avg 12.903752553502587, test_loss_avg 7.01234769821167, train_acc 0.3499999940395355, test_acc_avg 0.3326999921302001
iter 400, train_loss_avg 11.325933398154014, test_loss_avg 5.703087329864502, train_acc 0.4099999964237213, test_acc_avg 0.35459999154011407
iter 500, train_loss_avg 10.238573100514516, test_loss_avg 5.320795059204102, train_acc 0.4099999964237213, test_acc_avg 0.3545999915599823
iter 600, train_loss_avg 9.30941624451001, test_loss_avg 5.182459354400635, train_acc 0.3799999952316284, test_acc_avg 0.3662999917666117
iter 700, train_loss_avg 8.623842236999097, test_loss_avg 4.716006755828857, train_acc 0.5199999809265137, test_acc_avg 0.3569999918838342
iter 800, train_loss_avg 8.086198863911719, test_loss_avg 4.938014507293701, train_acc 0.4099999964237213, test_acc_avg 0.34079999205470085
iter 900, train_loss_avg 7.6473760120612, test_loss_avg 4.273490905761719, train_acc 0.429999977350235, test_acc_avg 0.3779999908308188
iter 1000, train_loss_avg 7.275155279186222, test_loss_avg 4.087817192077637, train_acc 0.4399999976158142, test_acc_avg 0.3689999911884467
iter 1100, train_loss_avg 6.921808702960868, test_loss_avg 4.063490390777588, train_acc 0.32999998331069946, test_acc_avg 0.36419999129573505
iter 1200, train_loss_avg 6.626373662241889, test_loss_avg 3.9923183917999268, train_acc 0.3799999952316284, test_acc_avg 0.3702999910116196
iter 1300, train_loss_avg 6.368054222455856, test_loss_avg 4.20145845413208, train_acc 0.3499999940395355, test_acc_avg 0.35969999148448306
iter 1400, train_loss_avg 6.140414571523837, test_loss_avg 3.741337299346924, train_acc 0.4099999964237213, test_acc_avg 0.38099999049305916
Best Accuracy 0.38099999049305916
dnn_hidden_units : 100
learning_rate : 0.002
max_steps : 1500
batch_size : 200
eval_freq : 100
data_dir : ./cifar10/cifar-10-batches-py
neg_slope : 0.02
optimizer : Adam
[DEBUG], Device  cuda:0
n_inputs 3072, n_classes 10
[DEBUG] start training
iter 0, train_loss_avg 18.755800247192383, test_loss_avg 149.89239501953125, train_acc 0.0949999988079071, test_acc_avg 0.16489999605715275
iter 100, train_loss_avg 35.637810640996044, test_loss_avg 21.966567993164062, train_acc 0.2750000059604645, test_acc_avg 0.31349999269843104
iter 200, train_loss_avg 25.491676525096988, test_loss_avg 9.78983211517334, train_acc 0.35499998927116394, test_acc_avg 0.3123999932408333
iter 300, train_loss_avg 19.294707061444406, test_loss_avg 4.023444175720215, train_acc 0.4050000011920929, test_acc_avg 0.3679999910394351
iter 400, train_loss_avg 15.2256435952579, test_loss_avg 2.3673763275146484, train_acc 0.3649999797344208, test_acc_avg 0.3995999903877576
iter 500, train_loss_avg 12.580527931630254, test_loss_avg 1.7837738990783691, train_acc 0.4650000035762787, test_acc_avg 0.42619998959700267
iter 600, train_loss_avg 10.753421260592544, test_loss_avg 1.723528265953064, train_acc 0.42499998211860657, test_acc_avg 0.4236999903122584
iter 700, train_loss_avg 9.439179471488005, test_loss_avg 1.6336054801940918, train_acc 0.4749999940395355, test_acc_avg 0.4467999898592631
iter 800, train_loss_avg 8.445177419504125, test_loss_avg 1.6549452543258667, train_acc 0.5099999904632568, test_acc_avg 0.4391999894976616
iter 900, train_loss_avg 7.6770340574700615, test_loss_avg 1.6429353952407837, train_acc 0.4749999940395355, test_acc_avg 0.4417999898393949
iter 1000, train_loss_avg 7.063584643405872, test_loss_avg 1.7048050165176392, train_acc 0.5049999952316284, test_acc_avg 0.43899998994668327
iter 1100, train_loss_avg 6.556774919949046, test_loss_avg 1.6588629484176636, train_acc 0.5049999952316284, test_acc_avg 0.443299989481767
iter 1200, train_loss_avg 6.13706004341675, test_loss_avg 1.737081527709961, train_acc 0.4350000023841858, test_acc_avg 0.42459998971223833
iter 1300, train_loss_avg 5.782330708811596, test_loss_avg 1.6360692977905273, train_acc 0.4599999785423279, test_acc_avg 0.4538999893069267
iter 1400, train_loss_avg 5.477277912811072, test_loss_avg 1.6578744649887085, train_acc 0.5199999809265137, test_acc_avg 0.44599998968839644
Best Accuracy 0.4538999893069267
dnn_hidden_units : 100
learning_rate : 0.002
max_steps : 1500
batch_size : 200
eval_freq : 100
data_dir : ./cifar10/cifar-10-batches-py
neg_slope : 0.02
optimizer : Adamax
[DEBUG], Device  cuda:0
n_inputs 3072, n_classes 10
[DEBUG] start training
iter 0, train_loss_avg 18.755800247192383, test_loss_avg 149.89256286621094, train_acc 0.0949999988079071, test_acc_avg 0.16489999605715275
iter 100, train_loss_avg 25.983211980007663, test_loss_avg 12.018098831176758, train_acc 0.3100000023841858, test_acc_avg 0.32379999230305356
iter 200, train_loss_avg 19.270988450121525, test_loss_avg 12.467070579528809, train_acc 0.3649999797344208, test_acc_avg 0.32519999262690547
iter 300, train_loss_avg 16.301007345269287, test_loss_avg 9.995877265930176, train_acc 0.32499998807907104, test_acc_avg 0.35579999154806136
iter 400, train_loss_avg 14.384208109610693, test_loss_avg 8.100218772888184, train_acc 0.4099999964237213, test_acc_avg 0.35849999145666755
iter 500, train_loss_avg 13.105855734286433, test_loss_avg 8.737701416015625, train_acc 0.35999998450279236, test_acc_avg 0.34499999169508616
iter 600, train_loss_avg 12.000374893975536, test_loss_avg 6.183332920074463, train_acc 0.3700000047683716, test_acc_avg 0.38069999051094056
iter 700, train_loss_avg 11.159010888506444, test_loss_avg 6.0877485275268555, train_acc 0.35999998450279236, test_acc_avg 0.3788999908566475
iter 800, train_loss_avg 10.402782324994549, test_loss_avg 5.365023612976074, train_acc 0.3449999988079071, test_acc_avg 0.39049999056259793
iter 900, train_loss_avg 9.757751961527072, test_loss_avg 4.482970237731934, train_acc 0.38499999046325684, test_acc_avg 0.3786999903122584
iter 1000, train_loss_avg 9.198579651016098, test_loss_avg 4.552666187286377, train_acc 0.41999998688697815, test_acc_avg 0.3786999906500181
iter 1100, train_loss_avg 8.662849121154384, test_loss_avg 4.036196231842041, train_acc 0.4449999928474426, test_acc_avg 0.3968999907573064
iter 1200, train_loss_avg 8.203565588203894, test_loss_avg 3.137218475341797, train_acc 0.35499998927116394, test_acc_avg 0.3964999902248383
iter 1300, train_loss_avg 7.763425016568131, test_loss_avg 2.8672523498535156, train_acc 0.4399999976158142, test_acc_avg 0.3968999897837639
iter 1400, train_loss_avg 7.362765941085516, test_loss_avg 2.391953229904175, train_acc 0.429999977350235, test_acc_avg 0.43039998968442283
Best Accuracy 0.43039998968442283
dnn_hidden_units : 100
learning_rate : 0.002
max_steps : 1500
batch_size : 200
eval_freq : 100
data_dir : ./cifar10/cifar-10-batches-py
neg_slope : 0.02
optimizer : Adagrad
[DEBUG], Device  cuda:0
n_inputs 3072, n_classes 10
[DEBUG] start training
iter 0, train_loss_avg 18.755800247192383, test_loss_avg 149.892578125, train_acc 0.0949999988079071, test_acc_avg 0.16489999605715275
iter 100, train_loss_avg 20.104530268376415, test_loss_avg 8.342398643493652, train_acc 0.3199999928474426, test_acc_avg 0.3359999928275744
iter 200, train_loss_avg 14.186155290745978, test_loss_avg 7.159161567687988, train_acc 0.29499998688697815, test_acc_avg 0.34669999180237454
iter 300, train_loss_avg 11.51112960422554, test_loss_avg 6.038166046142578, train_acc 0.3499999940395355, test_acc_avg 0.3551999917725722
iter 400, train_loss_avg 9.961595962172435, test_loss_avg 5.135751247406006, train_acc 0.3700000047683716, test_acc_avg 0.3599999912281831
iter 500, train_loss_avg 8.894412423798187, test_loss_avg 4.54799222946167, train_acc 0.4749999940395355, test_acc_avg 0.37839999107519784
iter 600, train_loss_avg 8.076198597716015, test_loss_avg 4.271574020385742, train_acc 0.375, test_acc_avg 0.3795999908645948
iter 700, train_loss_avg 7.4772455753511435, test_loss_avg 3.99446702003479, train_acc 0.375, test_acc_avg 0.3726999909480413
iter 800, train_loss_avg 6.977110513289472, test_loss_avg 3.892810821533203, train_acc 0.39499998092651367, test_acc_avg 0.37769999080896377
iter 900, train_loss_avg 6.561797579702871, test_loss_avg 4.404430389404297, train_acc 0.3449999988079071, test_acc_avg 0.3557999912897746
iter 1000, train_loss_avg 6.231214549515274, test_loss_avg 3.8830158710479736, train_acc 0.4050000011920929, test_acc_avg 0.36499999101956687
iter 1100, train_loss_avg 5.92581344928447, test_loss_avg 3.9786503314971924, train_acc 0.4449999928474426, test_acc_avg 0.35899999128778776
iter 1200, train_loss_avg 5.671560588426932, test_loss_avg 3.3936381340026855, train_acc 0.4099999964237213, test_acc_avg 0.3896999907096227
iter 1300, train_loss_avg 5.439664029048829, test_loss_avg 3.4769680500030518, train_acc 0.44999998807907104, test_acc_avg 0.37619999106725055
iter 1400, train_loss_avg 5.234952076429303, test_loss_avg 3.5343363285064697, train_acc 0.429999977350235, test_acc_avg 0.38839999095598854
Best Accuracy 0.3896999907096227
dnn_hidden_units : 100
learning_rate : 0.002
max_steps : 1500
batch_size : 250
eval_freq : 100
data_dir : ./cifar10/cifar-10-batches-py
neg_slope : 0.02
optimizer : Adam
[DEBUG], Device  cuda:0
n_inputs 3072, n_classes 10
[DEBUG] start training
iter 0, train_loss_avg 18.81312370300293, test_loss_avg 149.6631622314453, train_acc 0.09600000083446503, test_acc_avg 0.16873067440092562
iter 100, train_loss_avg 31.869500670102564, test_loss_avg 18.035661697387695, train_acc 0.3440000116825104, test_acc_avg 0.29632001420855525
iter 200, train_loss_avg 22.496731338216296, test_loss_avg 6.940176486968994, train_acc 0.41200003027915955, test_acc_avg 0.3641786833604177
iter 300, train_loss_avg 16.67588711656209, test_loss_avg 3.5292084217071533, train_acc 0.42000001668930054, test_acc_avg 0.3654400166273117
iter 400, train_loss_avg 13.148707912449824, test_loss_avg 2.1407289505004883, train_acc 0.4360000193119049, test_acc_avg 0.3962186847726504
iter 500, train_loss_avg 10.87484786919729, test_loss_avg 1.8128458261489868, train_acc 0.4320000112056732, test_acc_avg 0.41670668625831603
iter 600, train_loss_avg 9.328926570601947, test_loss_avg 1.7548960447311401, train_acc 0.5360000133514404, test_acc_avg 0.4361866872708003
iter 700, train_loss_avg 8.2096186145056, test_loss_avg 1.6243841648101807, train_acc 0.5200000405311584, test_acc_avg 0.44967202109098436
iter 800, train_loss_avg 7.369764129023129, test_loss_avg 1.5956268310546875, train_acc 0.5160000324249268, test_acc_avg 0.4601146882176399
iter 900, train_loss_avg 6.712871432965921, test_loss_avg 1.65326726436615, train_acc 0.5080000162124634, test_acc_avg 0.4437226871848106
iter 1000, train_loss_avg 6.189860892224384, test_loss_avg 1.7016535997390747, train_acc 0.5040000081062317, test_acc_avg 0.4384586872259776
iter 1100, train_loss_avg 5.759991472466873, test_loss_avg 1.6332519054412842, train_acc 0.492000013589859, test_acc_avg 0.4473040206829707
iter 1200, train_loss_avg 5.403685497701614, test_loss_avg 1.677154302597046, train_acc 0.5600000023841858, test_acc_avg 0.4390933542052905
iter 1300, train_loss_avg 5.0968701209956, test_loss_avg 1.6810084581375122, train_acc 0.5360000133514404, test_acc_avg 0.4483706874251366
iter 1400, train_loss_avg 4.8428607568155435, test_loss_avg 1.7800142765045166, train_acc 0.47600001096725464, test_acc_avg 0.4319893535176913
Best Accuracy 0.4601146882176399
srun: Job step aborted: Waiting up to 32 seconds for job step to finish.
slurmstepd: error: *** STEP 3930977.0 ON r31n5 CANCELLED AT 2019-11-11T17:06:08 ***
slurmstepd: error: *** JOB 3930977 ON r31n5 CANCELLED AT 2019-11-11T17:06:08 ***
