dnn_hidden_units : 100
learning_rate : 0.002
max_steps : 1500
batch_size : 50
eval_freq : 100
data_dir : ./cifar10/cifar-10-batches-py
neg_slope : 0.02
optimizer : Adam
[DEBUG], Device  cuda:0
n_inputs 3072, n_classes 10
[DEBUG] start training
iter 0, train_loss_avg 22.227096557617188, test_loss_avg 103.58226776123047, train_acc 0.14000000059604645, test_acc_avg 0.13931999630481004
iter 100, train_loss_avg 64.26504448616859, test_loss_avg 47.71012496948242, train_acc 0.23999999463558197, test_acc_avg 0.2987866590569417
iter 200, train_loss_avg 47.37410629329397, test_loss_avg 17.40989875793457, train_acc 0.4599999785423279, test_acc_avg 0.320239991992712
iter 300, train_loss_avg 35.5469813331021, test_loss_avg 7.993442535400391, train_acc 0.17999999225139618, test_acc_avg 0.3020799925401807
iter 400, train_loss_avg 27.94197990591092, test_loss_avg 3.231248140335083, train_acc 0.2199999988079071, test_acc_avg 0.3103199922690789
iter 500, train_loss_avg 22.879498408226198, test_loss_avg 2.5359339714050293, train_acc 0.41999998688697815, test_acc_avg 0.3528133242626985
iter 600, train_loss_avg 19.46105522958689, test_loss_avg 2.331620693206787, train_acc 0.35999998450279236, test_acc_avg 0.33693332413832344
iter 700, train_loss_avg 17.008317116833958, test_loss_avg 2.1340677738189697, train_acc 0.3799999952316284, test_acc_avg 0.3376266578386227
iter 800, train_loss_avg 15.161752834748686, test_loss_avg 2.239593029022217, train_acc 0.29999998211860657, test_acc_avg 0.33053332518537837
iter 900, train_loss_avg 13.726984453254216, test_loss_avg 2.1031625270843506, train_acc 0.4599999785423279, test_acc_avg 0.34135999119778476
iter 1000, train_loss_avg 12.570594080916413, test_loss_avg 2.1695215702056885, train_acc 0.41999998688697815, test_acc_avg 0.3516133239368598
iter 1100, train_loss_avg 11.617749689601965, test_loss_avg 2.237171173095703, train_acc 0.29999998211860657, test_acc_avg 0.3276133246421814
iter 1200, train_loss_avg 10.835124897321595, test_loss_avg 2.2667975425720215, train_acc 0.35999998450279236, test_acc_avg 0.3295333248376846
iter 1300, train_loss_avg 10.17890082836884, test_loss_avg 2.218236207962036, train_acc 0.3400000035762787, test_acc_avg 0.3535999907354514
iter 1400, train_loss_avg 9.630744013507226, test_loss_avg 2.4855008125305176, train_acc 0.3199999928474426, test_acc_avg 0.30389332550764087
Best Accuracy 0.3535999907354514
dnn_hidden_units : 100
learning_rate : 0.002
max_steps : 1500
batch_size : 50
eval_freq : 100
data_dir : ./cifar10/cifar-10-batches-py
neg_slope : 0.02
optimizer : Adamax
[DEBUG], Device  cuda:0
n_inputs 3072, n_classes 10
[DEBUG] start training
iter 0, train_loss_avg 22.227096557617188, test_loss_avg 103.58229064941406, train_acc 0.14000000059604645, test_acc_avg 0.13931999630481004
iter 100, train_loss_avg 41.78553373506754, test_loss_avg 32.14644241333008, train_acc 0.29999998211860657, test_acc_avg 0.28519999271134533
iter 200, train_loss_avg 33.53573186124735, test_loss_avg 22.37544822692871, train_acc 0.2800000011920929, test_acc_avg 0.3047333261271318
iter 300, train_loss_avg 29.51787594703345, test_loss_avg 17.877771377563477, train_acc 0.2199999988079071, test_acc_avg 0.3396799912949403
iter 400, train_loss_avg 26.78188057611708, test_loss_avg 22.050704956054688, train_acc 0.17999999225139618, test_acc_avg 0.28218665943543114
iter 500, train_loss_avg 24.675687780399283, test_loss_avg 14.114105224609375, train_acc 0.5600000023841858, test_acc_avg 0.3440399906138579
iter 600, train_loss_avg 22.87834713978696, test_loss_avg 13.175712585449219, train_acc 0.29999998211860657, test_acc_avg 0.3259199915279945
iter 700, train_loss_avg 21.36008154002474, test_loss_avg 12.815065383911133, train_acc 0.41999998688697815, test_acc_avg 0.3209733255406221
iter 800, train_loss_avg 20.067754395445636, test_loss_avg 10.736549377441406, train_acc 0.3799999952316284, test_acc_avg 0.3384133243113756
iter 900, train_loss_avg 18.95011522873128, test_loss_avg 8.480010032653809, train_acc 0.5399999618530273, test_acc_avg 0.33579999112089476
iter 1000, train_loss_avg 17.80255547508255, test_loss_avg 6.518289089202881, train_acc 0.41999998688697815, test_acc_avg 0.3586933234035969
iter 1100, train_loss_avg 16.668209619894554, test_loss_avg 4.812675476074219, train_acc 0.25999999046325684, test_acc_avg 0.36426665752132736
iter 1200, train_loss_avg 15.648809379780918, test_loss_avg 4.306993007659912, train_acc 0.4599999785423279, test_acc_avg 0.3611866570711136
iter 1300, train_loss_avg 14.746886832452022, test_loss_avg 3.772972583770752, train_acc 0.35999998450279236, test_acc_avg 0.36805332371095817
iter 1400, train_loss_avg 13.912843235044459, test_loss_avg 3.1890664100646973, train_acc 0.5, test_acc_avg 0.3603333236475786
Best Accuracy 0.36805332371095817
dnn_hidden_units : 100
learning_rate : 0.002
max_steps : 1500
batch_size : 50
eval_freq : 100
data_dir : ./cifar10/cifar-10-batches-py
neg_slope : 0.02
optimizer : Adagrad
[DEBUG], Device  cuda:0
n_inputs 3072, n_classes 10
[DEBUG] start training
iter 0, train_loss_avg 22.227096557617188, test_loss_avg 103.58229064941406, train_acc 0.14000000059604645, test_acc_avg 0.13931999630481004
iter 100, train_loss_avg 24.15469690832761, test_loss_avg 13.064952850341797, train_acc 0.2800000011920929, test_acc_avg 0.32181332515676814
iter 200, train_loss_avg 17.79523993724614, test_loss_avg 10.132993698120117, train_acc 0.3199999928474426, test_acc_avg 0.33487999128798646
iter 300, train_loss_avg 15.014807628238716, test_loss_avg 8.8981294631958, train_acc 0.2800000011920929, test_acc_avg 0.331359991312027
iter 400, train_loss_avg 13.335849603809917, test_loss_avg 7.397480010986328, train_acc 0.23999999463558197, test_acc_avg 0.3591599906285604
iter 500, train_loss_avg 12.077308630990887, test_loss_avg 6.625664234161377, train_acc 0.41999998688697815, test_acc_avg 0.3570799906154474
iter 600, train_loss_avg 11.143244461291244, test_loss_avg 6.402349472045898, train_acc 0.3400000035762787, test_acc_avg 0.35583999067544936
iter 700, train_loss_avg 10.43770289012947, test_loss_avg 5.599658966064453, train_acc 0.3999999761581421, test_acc_avg 0.3697199900845687
iter 800, train_loss_avg 9.853267947386266, test_loss_avg 5.3405985832214355, train_acc 0.3199999928474426, test_acc_avg 0.34950665740172066
iter 900, train_loss_avg 9.387714496860228, test_loss_avg 5.00563383102417, train_acc 0.47999998927116394, test_acc_avg 0.3596399904092153
iter 1000, train_loss_avg 8.969864655684281, test_loss_avg 4.824808120727539, train_acc 0.47999998927116394, test_acc_avg 0.3598533236682415
iter 1100, train_loss_avg 8.547158745177544, test_loss_avg 4.798074722290039, train_acc 0.3400000035762787, test_acc_avg 0.3463866574168205
iter 1200, train_loss_avg 8.183681106487976, test_loss_avg 4.53825569152832, train_acc 0.35999998450279236, test_acc_avg 0.3711866566638152
iter 1300, train_loss_avg 7.881699571602167, test_loss_avg 4.188708305358887, train_acc 0.4399999976158142, test_acc_avg 0.3883733225464821
iter 1400, train_loss_avg 7.596167635526255, test_loss_avg 4.683920383453369, train_acc 0.5600000023841858, test_acc_avg 0.33405332488814987
Best Accuracy 0.3883733225464821
dnn_hidden_units : 100
learning_rate : 0.002
max_steps : 1500
batch_size : 50
eval_freq : 100
data_dir : ./cifar10/cifar-10-batches-py
neg_slope : 0.02
optimizer : Adadelta
[DEBUG], Device  cuda:0
n_inputs 3072, n_classes 10
[DEBUG] start training
iter 0, train_loss_avg 22.227096557617188, test_loss_avg 20.503129959106445, train_acc 0.14000000059604645, test_acc_avg 0.08962666418155034
iter 100, train_loss_avg 13.86671760294697, test_loss_avg 11.20150375366211, train_acc 0.1599999964237213, test_acc_avg 0.16730666210254033
iter 200, train_loss_avg 12.011322161451501, test_loss_avg 9.307331085205078, train_acc 0.1599999964237213, test_acc_avg 0.19591999461501836
iter 300, train_loss_avg 11.01332651024245, test_loss_avg 8.455239295959473, train_acc 0.3199999928474426, test_acc_avg 0.22199999405443668
iter 400, train_loss_avg 10.352289701637782, test_loss_avg 7.9146504402160645, train_acc 0.29999998211860657, test_acc_avg 0.2279866604829828
iter 500, train_loss_avg 9.767749165822408, test_loss_avg 7.502627372741699, train_acc 0.25999999046325684, test_acc_avg 0.24373332686225574
iter 600, train_loss_avg 9.33736470138372, test_loss_avg 7.196261882781982, train_acc 0.2800000011920929, test_acc_avg 0.24717332681020102
iter 700, train_loss_avg 9.038307230074633, test_loss_avg 6.929544448852539, train_acc 0.3400000035762787, test_acc_avg 0.252133326753974
iter 800, train_loss_avg 8.741959639107542, test_loss_avg 6.680163860321045, train_acc 0.3400000035762787, test_acc_avg 0.2591466599404812
iter 900, train_loss_avg 8.496668506541871, test_loss_avg 6.485994815826416, train_acc 0.3999999761581421, test_acc_avg 0.26663999270896116
iter 1000, train_loss_avg 8.285374341311154, test_loss_avg 6.3170881271362305, train_acc 0.2800000011920929, test_acc_avg 0.2732666597093145
iter 1100, train_loss_avg 8.084574887798007, test_loss_avg 6.159988880157471, train_acc 0.19999998807907104, test_acc_avg 0.2759999928722779
iter 1200, train_loss_avg 7.894477973671182, test_loss_avg 6.034893035888672, train_acc 0.29999998211860657, test_acc_avg 0.27763999298214914
iter 1300, train_loss_avg 7.732495781827394, test_loss_avg 5.905588626861572, train_acc 0.25999999046325684, test_acc_avg 0.28605332602808875
iter 1400, train_loss_avg 7.5795989982746566, test_loss_avg 5.781665325164795, train_acc 0.3400000035762787, test_acc_avg 0.2841466594412923
Best Accuracy 0.28605332602808875
dnn_hidden_units : 100
learning_rate : 0.002
max_steps : 1500
batch_size : 100
eval_freq : 100
data_dir : ./cifar10/cifar-10-batches-py
neg_slope : 0.02
optimizer : Adam
[DEBUG], Device  cuda:0
n_inputs 3072, n_classes 10
[DEBUG] start training
iter 0, train_loss_avg 18.080524444580078, test_loss_avg 122.31697845458984, train_acc 0.14000000059604645, test_acc_avg 0.14809999615574876
iter 100, train_loss_avg 46.35447723086518, test_loss_avg 26.25612449645996, train_acc 0.38999998569488525, test_acc_avg 0.30399999259908994
iter 200, train_loss_avg 32.26692376682414, test_loss_avg 10.757915496826172, train_acc 0.29999998211860657, test_acc_avg 0.3184999924103419
iter 300, train_loss_avg 23.74917054810001, test_loss_avg 3.982506513595581, train_acc 0.32999998331069946, test_acc_avg 0.33459999232490856
iter 400, train_loss_avg 18.554591379558058, test_loss_avg 2.1361000537872314, train_acc 0.4099999964237213, test_acc_avg 0.361299991697073
iter 500, train_loss_avg 15.254467971548587, test_loss_avg 1.9145588874816895, train_acc 0.3999999761581421, test_acc_avg 0.3801999907096227
iter 600, train_loss_avg 13.010265555834016, test_loss_avg 1.9223811626434326, train_acc 0.4399999976158142, test_acc_avg 0.3723999913434188
iter 700, train_loss_avg 11.407604041351231, test_loss_avg 1.8316054344177246, train_acc 0.4699999988079071, test_acc_avg 0.40299998958905536
iter 800, train_loss_avg 10.206449743216107, test_loss_avg 1.8803434371948242, train_acc 0.3999999761581421, test_acc_avg 0.39919998979568483
iter 900, train_loss_avg 9.274882787340356, test_loss_avg 1.9599113464355469, train_acc 0.41999998688697815, test_acc_avg 0.37669999106725055
iter 1000, train_loss_avg 8.530262579093803, test_loss_avg 1.8373098373413086, train_acc 0.4699999988079071, test_acc_avg 0.39529999015728634
iter 1100, train_loss_avg 7.916348970445257, test_loss_avg 1.8742934465408325, train_acc 0.3199999928474426, test_acc_avg 0.385399990439415
iter 1200, train_loss_avg 7.412160073688485, test_loss_avg 2.034072160720825, train_acc 0.4099999964237213, test_acc_avg 0.3667999913195769
iter 1300, train_loss_avg 6.989660534833048, test_loss_avg 2.0061166286468506, train_acc 0.28999999165534973, test_acc_avg 0.3710999910235405
iter 1400, train_loss_avg 6.631296406721405, test_loss_avg 2.136551856994629, train_acc 0.3700000047683716, test_acc_avg 0.3533999923070272
Best Accuracy 0.40299998958905536
dnn_hidden_units : 100
learning_rate : 0.002
max_steps : 1500
batch_size : 100
eval_freq : 100
data_dir : ./cifar10/cifar-10-batches-py
neg_slope : 0.02
optimizer : Adamax
[DEBUG], Device  cuda:0
n_inputs 3072, n_classes 10
[DEBUG] start training
iter 0, train_loss_avg 18.080524444580078, test_loss_avg 122.31710052490234, train_acc 0.14000000059604645, test_acc_avg 0.14809999615574876
iter 100, train_loss_avg 30.070449375870204, test_loss_avg 20.064176559448242, train_acc 0.3400000035762787, test_acc_avg 0.3168999923566977
iter 200, train_loss_avg 23.87858826366823, test_loss_avg 16.40452003479004, train_acc 0.3700000047683716, test_acc_avg 0.3251999924480915
iter 300, train_loss_avg 21.113384614355144, test_loss_avg 13.423137664794922, train_acc 0.35999998450279236, test_acc_avg 0.30849999272823336
iter 400, train_loss_avg 19.04154982887896, test_loss_avg 12.199945449829102, train_acc 0.25, test_acc_avg 0.3269999925295512
iter 500, train_loss_avg 17.490850404826944, test_loss_avg 10.644987106323242, train_acc 0.4099999964237213, test_acc_avg 0.32739999241630235
iter 600, train_loss_avg 16.111631706034682, test_loss_avg 11.351020812988281, train_acc 0.3499999940395355, test_acc_avg 0.30519999262690545
iter 700, train_loss_avg 14.90197173062813, test_loss_avg 7.697607517242432, train_acc 0.38999998569488525, test_acc_avg 0.34619999160369236
iter 800, train_loss_avg 13.833763126130407, test_loss_avg 6.248371124267578, train_acc 0.44999998807907104, test_acc_avg 0.36299999114871023
iter 900, train_loss_avg 12.892962789694291, test_loss_avg 5.282809734344482, train_acc 0.4099999964237213, test_acc_avg 0.3616999916334947
iter 1000, train_loss_avg 12.024701571488357, test_loss_avg 3.752276659011841, train_acc 0.4099999964237213, test_acc_avg 0.3790999907652537
iter 1100, train_loss_avg 11.207888744182743, test_loss_avg 3.4612669944763184, train_acc 0.3400000035762787, test_acc_avg 0.3789999907116095
iter 1200, train_loss_avg 10.505348601210226, test_loss_avg 2.9703447818756104, train_acc 0.3999999761581421, test_acc_avg 0.37619999118645986
iter 1300, train_loss_avg 9.891102648624358, test_loss_avg 2.5650863647460938, train_acc 0.44999998807907104, test_acc_avg 0.386699990272522
iter 1400, train_loss_avg 9.332653224255509, test_loss_avg 2.0691492557525635, train_acc 0.44999998807907104, test_acc_avg 0.4202999888261159
Best Accuracy 0.4202999888261159
dnn_hidden_units : 100
learning_rate : 0.002
max_steps : 1500
batch_size : 100
eval_freq : 100
data_dir : ./cifar10/cifar-10-batches-py
neg_slope : 0.02
optimizer : Adagrad
[DEBUG], Device  cuda:0
n_inputs 3072, n_classes 10
[DEBUG] start training
iter 0, train_loss_avg 18.080524444580078, test_loss_avg 122.31710052490234, train_acc 0.14000000059604645, test_acc_avg 0.14809999615574876
iter 100, train_loss_avg 21.404409531319494, test_loss_avg 10.730589866638184, train_acc 0.32999998331069946, test_acc_avg 0.33049999217192333
iter 200, train_loss_avg 15.583776137128991, test_loss_avg 8.140291213989258, train_acc 0.22999998927116394, test_acc_avg 0.33919999212026597
iter 300, train_loss_avg 12.903752553502587, test_loss_avg 7.01234769821167, train_acc 0.3499999940395355, test_acc_avg 0.3326999921302001
iter 400, train_loss_avg 11.325933398154014, test_loss_avg 5.703087329864502, train_acc 0.4099999964237213, test_acc_avg 0.35459999154011407
iter 500, train_loss_avg 10.238573100514516, test_loss_avg 5.320795059204102, train_acc 0.4099999964237213, test_acc_avg 0.3545999915599823
iter 600, train_loss_avg 9.30941624451001, test_loss_avg 5.182459354400635, train_acc 0.3799999952316284, test_acc_avg 0.3662999917666117
iter 700, train_loss_avg 8.623842236999097, test_loss_avg 4.716006755828857, train_acc 0.5199999809265137, test_acc_avg 0.3569999918838342
iter 800, train_loss_avg 8.086198863911719, test_loss_avg 4.938014507293701, train_acc 0.4099999964237213, test_acc_avg 0.34079999205470085
iter 900, train_loss_avg 7.6473760120612, test_loss_avg 4.273490905761719, train_acc 0.429999977350235, test_acc_avg 0.3779999908308188
iter 1000, train_loss_avg 7.275155279186222, test_loss_avg 4.087817192077637, train_acc 0.4399999976158142, test_acc_avg 0.3689999911884467
iter 1100, train_loss_avg 6.921808702960868, test_loss_avg 4.063490390777588, train_acc 0.32999998331069946, test_acc_avg 0.36419999129573505
iter 1200, train_loss_avg 6.626373662241889, test_loss_avg 3.9923183917999268, train_acc 0.3799999952316284, test_acc_avg 0.3702999910116196
iter 1300, train_loss_avg 6.368054222455856, test_loss_avg 4.20145845413208, train_acc 0.3499999940395355, test_acc_avg 0.35969999148448306
iter 1400, train_loss_avg 6.140414571523837, test_loss_avg 3.741337299346924, train_acc 0.4099999964237213, test_acc_avg 0.38099999049305916
Best Accuracy 0.38099999049305916
dnn_hidden_units : 100
learning_rate : 0.002
max_steps : 1500
batch_size : 100
eval_freq : 100
data_dir : ./cifar10/cifar-10-batches-py
neg_slope : 0.02
optimizer : Adadelta
[DEBUG], Device  cuda:0
n_inputs 3072, n_classes 10
[DEBUG] start training
iter 0, train_loss_avg 18.080524444580078, test_loss_avg 20.473026275634766, train_acc 0.14000000059604645, test_acc_avg 0.09029999753211936
iter 100, train_loss_avg 13.257108848873932, test_loss_avg 10.312752723693848, train_acc 0.20999999344348907, test_acc_avg 0.17579999518891176
iter 200, train_loss_avg 11.392836663260388, test_loss_avg 8.636758804321289, train_acc 0.25999999046325684, test_acc_avg 0.21119999432563782
iter 300, train_loss_avg 10.265079195713284, test_loss_avg 7.864116668701172, train_acc 0.25999999046325684, test_acc_avg 0.23249999332924684
iter 400, train_loss_avg 9.595946222766676, test_loss_avg 7.282668113708496, train_acc 0.29999998211860657, test_acc_avg 0.24429999337593714
iter 500, train_loss_avg 9.085551556950795, test_loss_avg 6.89199161529541, train_acc 0.2800000011920929, test_acc_avg 0.25189999310175576
iter 600, train_loss_avg 8.658972668766777, test_loss_avg 6.590935707092285, train_acc 0.3199999928474426, test_acc_avg 0.26059999280174573
iter 700, train_loss_avg 8.316891023333845, test_loss_avg 6.325207233428955, train_acc 0.3400000035762787, test_acc_avg 0.2664999926189582
iter 800, train_loss_avg 8.044137000442296, test_loss_avg 6.1334381103515625, train_acc 0.35999998450279236, test_acc_avg 0.2726999926964442
iter 900, train_loss_avg 7.80581194235138, test_loss_avg 5.897523403167725, train_acc 0.3400000035762787, test_acc_avg 0.2831999922891458
iter 1000, train_loss_avg 7.586307520394797, test_loss_avg 5.7207159996032715, train_acc 0.3499999940395355, test_acc_avg 0.2868999928037326
iter 1100, train_loss_avg 7.3855706980616045, test_loss_avg 5.599374771118164, train_acc 0.2800000011920929, test_acc_avg 0.2894999926686287
iter 1200, train_loss_avg 7.209179791880091, test_loss_avg 5.474221229553223, train_acc 0.28999999165534973, test_acc_avg 0.2918999922225873
iter 1300, train_loss_avg 7.053577778616106, test_loss_avg 5.34820032119751, train_acc 0.3199999928474426, test_acc_avg 0.2983999926149845
iter 1400, train_loss_avg 6.90743125667749, test_loss_avg 5.22295618057251, train_acc 0.25, test_acc_avg 0.3013999924659729
Best Accuracy 0.3013999924659729
dnn_hidden_units : 100
learning_rate : 0.002
max_steps : 1500
batch_size : 200
eval_freq : 100
data_dir : ./cifar10/cifar-10-batches-py
neg_slope : 0.02
optimizer : Adam
[DEBUG], Device  cuda:0
n_inputs 3072, n_classes 10
[DEBUG] start training
iter 0, train_loss_avg 18.755800247192383, test_loss_avg 149.89239501953125, train_acc 0.0949999988079071, test_acc_avg 0.16489999605715275
iter 100, train_loss_avg 35.637810640996044, test_loss_avg 21.966567993164062, train_acc 0.2750000059604645, test_acc_avg 0.31349999269843104
iter 200, train_loss_avg 25.491676525096988, test_loss_avg 9.78983211517334, train_acc 0.35499998927116394, test_acc_avg 0.3123999932408333
iter 300, train_loss_avg 19.294707061444406, test_loss_avg 4.023444175720215, train_acc 0.4050000011920929, test_acc_avg 0.3679999910394351
iter 400, train_loss_avg 15.2256435952579, test_loss_avg 2.3673763275146484, train_acc 0.3649999797344208, test_acc_avg 0.3995999903877576
iter 500, train_loss_avg 12.580527931630254, test_loss_avg 1.7837738990783691, train_acc 0.4650000035762787, test_acc_avg 0.42619998959700267
iter 600, train_loss_avg 10.753421260592544, test_loss_avg 1.723528265953064, train_acc 0.42499998211860657, test_acc_avg 0.4236999903122584
iter 700, train_loss_avg 9.439179471488005, test_loss_avg 1.6336054801940918, train_acc 0.4749999940395355, test_acc_avg 0.4467999898592631
iter 800, train_loss_avg 8.445177419504125, test_loss_avg 1.6549452543258667, train_acc 0.5099999904632568, test_acc_avg 0.4391999894976616
iter 900, train_loss_avg 7.6770340574700615, test_loss_avg 1.6429353952407837, train_acc 0.4749999940395355, test_acc_avg 0.4417999898393949
iter 1000, train_loss_avg 7.063584643405872, test_loss_avg 1.7048050165176392, train_acc 0.5049999952316284, test_acc_avg 0.43899998994668327
iter 1100, train_loss_avg 6.556774919949046, test_loss_avg 1.6588629484176636, train_acc 0.5049999952316284, test_acc_avg 0.443299989481767
iter 1200, train_loss_avg 6.13706004341675, test_loss_avg 1.737081527709961, train_acc 0.4350000023841858, test_acc_avg 0.42459998971223833
iter 1300, train_loss_avg 5.782330708811596, test_loss_avg 1.6360692977905273, train_acc 0.4599999785423279, test_acc_avg 0.4538999893069267
iter 1400, train_loss_avg 5.477277912811072, test_loss_avg 1.6578744649887085, train_acc 0.5199999809265137, test_acc_avg 0.44599998968839644
Best Accuracy 0.4538999893069267
dnn_hidden_units : 100
learning_rate : 0.002
max_steps : 1500
batch_size : 200
eval_freq : 100
data_dir : ./cifar10/cifar-10-batches-py
neg_slope : 0.02
optimizer : Adamax
[DEBUG], Device  cuda:0
n_inputs 3072, n_classes 10
[DEBUG] start training
iter 0, train_loss_avg 18.755800247192383, test_loss_avg 149.89256286621094, train_acc 0.0949999988079071, test_acc_avg 0.16489999605715275
iter 100, train_loss_avg 25.983211980007663, test_loss_avg 12.018098831176758, train_acc 0.3100000023841858, test_acc_avg 0.32379999230305356
iter 200, train_loss_avg 19.270988450121525, test_loss_avg 12.467070579528809, train_acc 0.3649999797344208, test_acc_avg 0.32519999262690547
iter 300, train_loss_avg 16.301007345269287, test_loss_avg 9.995877265930176, train_acc 0.32499998807907104, test_acc_avg 0.35579999154806136
iter 400, train_loss_avg 14.384208109610693, test_loss_avg 8.100218772888184, train_acc 0.4099999964237213, test_acc_avg 0.35849999145666755
iter 500, train_loss_avg 13.105855734286433, test_loss_avg 8.737701416015625, train_acc 0.35999998450279236, test_acc_avg 0.34499999169508616
iter 600, train_loss_avg 12.000374893975536, test_loss_avg 6.183332920074463, train_acc 0.3700000047683716, test_acc_avg 0.38069999051094056
iter 700, train_loss_avg 11.159010888506444, test_loss_avg 6.0877485275268555, train_acc 0.35999998450279236, test_acc_avg 0.3788999908566475
iter 800, train_loss_avg 10.402782324994549, test_loss_avg 5.365023612976074, train_acc 0.3449999988079071, test_acc_avg 0.39049999056259793
iter 900, train_loss_avg 9.757751961527072, test_loss_avg 4.482970237731934, train_acc 0.38499999046325684, test_acc_avg 0.3786999903122584
iter 1000, train_loss_avg 9.198579651016098, test_loss_avg 4.552666187286377, train_acc 0.41999998688697815, test_acc_avg 0.3786999906500181
iter 1100, train_loss_avg 8.662849121154384, test_loss_avg 4.036196231842041, train_acc 0.4449999928474426, test_acc_avg 0.3968999907573064
iter 1200, train_loss_avg 8.203565588203894, test_loss_avg 3.137218475341797, train_acc 0.35499998927116394, test_acc_avg 0.3964999902248383
iter 1300, train_loss_avg 7.763425016568131, test_loss_avg 2.8672523498535156, train_acc 0.4399999976158142, test_acc_avg 0.3968999897837639
iter 1400, train_loss_avg 7.362765941085516, test_loss_avg 2.391953229904175, train_acc 0.429999977350235, test_acc_avg 0.43039998968442283
Best Accuracy 0.43039998968442283
dnn_hidden_units : 100
learning_rate : 0.002
max_steps : 1500
batch_size : 200
eval_freq : 100
data_dir : ./cifar10/cifar-10-batches-py
neg_slope : 0.02
optimizer : Adagrad
[DEBUG], Device  cuda:0
n_inputs 3072, n_classes 10
[DEBUG] start training
iter 0, train_loss_avg 18.755800247192383, test_loss_avg 149.892578125, train_acc 0.0949999988079071, test_acc_avg 0.16489999605715275
iter 100, train_loss_avg 20.104530268376415, test_loss_avg 8.342398643493652, train_acc 0.3199999928474426, test_acc_avg 0.3359999928275744
iter 200, train_loss_avg 14.186155290745978, test_loss_avg 7.159161567687988, train_acc 0.29499998688697815, test_acc_avg 0.34669999180237454
iter 300, train_loss_avg 11.51112960422554, test_loss_avg 6.038166046142578, train_acc 0.3499999940395355, test_acc_avg 0.3551999917725722
iter 400, train_loss_avg 9.961595962172435, test_loss_avg 5.135751247406006, train_acc 0.3700000047683716, test_acc_avg 0.3599999912281831
iter 500, train_loss_avg 8.894412423798187, test_loss_avg 4.54799222946167, train_acc 0.4749999940395355, test_acc_avg 0.37839999107519784
iter 600, train_loss_avg 8.076198597716015, test_loss_avg 4.271574020385742, train_acc 0.375, test_acc_avg 0.3795999908645948
iter 700, train_loss_avg 7.4772455753511435, test_loss_avg 3.99446702003479, train_acc 0.375, test_acc_avg 0.3726999909480413
iter 800, train_loss_avg 6.977110513289472, test_loss_avg 3.892810821533203, train_acc 0.39499998092651367, test_acc_avg 0.37769999080896377
iter 900, train_loss_avg 6.561797579702871, test_loss_avg 4.404430389404297, train_acc 0.3449999988079071, test_acc_avg 0.3557999912897746
iter 1000, train_loss_avg 6.231214549515274, test_loss_avg 3.8830158710479736, train_acc 0.4050000011920929, test_acc_avg 0.36499999101956687
iter 1100, train_loss_avg 5.92581344928447, test_loss_avg 3.9786503314971924, train_acc 0.4449999928474426, test_acc_avg 0.35899999128778776
iter 1200, train_loss_avg 5.671560588426932, test_loss_avg 3.3936381340026855, train_acc 0.4099999964237213, test_acc_avg 0.3896999907096227
iter 1300, train_loss_avg 5.439664029048829, test_loss_avg 3.4769680500030518, train_acc 0.44999998807907104, test_acc_avg 0.37619999106725055
iter 1400, train_loss_avg 5.234952076429303, test_loss_avg 3.5343363285064697, train_acc 0.429999977350235, test_acc_avg 0.38839999095598854
Best Accuracy 0.3896999907096227
dnn_hidden_units : 100
learning_rate : 0.002
max_steps : 1500
batch_size : 200
eval_freq : 100
data_dir : ./cifar10/cifar-10-batches-py
neg_slope : 0.02
optimizer : Adadelta
[DEBUG], Device  cuda:0
n_inputs 3072, n_classes 10
[DEBUG] start training
iter 0, train_loss_avg 18.755800247192383, test_loss_avg 20.35477066040039, train_acc 0.0949999988079071, test_acc_avg 0.09099999759346247
iter 100, train_loss_avg 12.82372231058555, test_loss_avg 9.713739395141602, train_acc 0.20499999821186066, test_acc_avg 0.18379999548196793
iter 200, train_loss_avg 10.774099506548982, test_loss_avg 8.099210739135742, train_acc 0.26499998569488525, test_acc_avg 0.22509999406337738
iter 300, train_loss_avg 9.72296831853366, test_loss_avg 7.300271034240723, train_acc 0.3100000023841858, test_acc_avg 0.244299993822972
iter 400, train_loss_avg 9.019055283277707, test_loss_avg 6.765511512756348, train_acc 0.2800000011920929, test_acc_avg 0.25719999374945957
iter 500, train_loss_avg 8.487190188524014, test_loss_avg 6.380141735076904, train_acc 0.3149999976158142, test_acc_avg 0.26709999366601306
iter 600, train_loss_avg 8.065841374103718, test_loss_avg 6.0623908042907715, train_acc 0.29499998688697815, test_acc_avg 0.2763999933799108
iter 700, train_loss_avg 7.733740655569819, test_loss_avg 5.816791534423828, train_acc 0.25999999046325684, test_acc_avg 0.281099993566672
iter 800, train_loss_avg 7.44574907924352, test_loss_avg 5.605007648468018, train_acc 0.3100000023841858, test_acc_avg 0.2908999935587247
iter 900, train_loss_avg 7.1986539514691925, test_loss_avg 5.41465425491333, train_acc 0.23999999463558197, test_acc_avg 0.2951999932726224
iter 1000, train_loss_avg 6.989294256482806, test_loss_avg 5.232891082763672, train_acc 0.3400000035762787, test_acc_avg 0.29599999358256657
iter 1100, train_loss_avg 6.794286627427326, test_loss_avg 5.095001220703125, train_acc 0.3449999988079071, test_acc_avg 0.3006999935408433
iter 1200, train_loss_avg 6.623256774071749, test_loss_avg 4.95581579208374, train_acc 0.375, test_acc_avg 0.30159999360640843
iter 1300, train_loss_avg 6.466940951475632, test_loss_avg 4.863746166229248, train_acc 0.3149999976158142, test_acc_avg 0.3058999931812286
iter 1400, train_loss_avg 6.318559551136907, test_loss_avg 4.747819423675537, train_acc 0.3499999940395355, test_acc_avg 0.30789999294281006
Best Accuracy 0.30789999294281006
dnn_hidden_units : 100
learning_rate : 0.002
max_steps : 1500
batch_size : 250
eval_freq : 100
data_dir : ./cifar10/cifar-10-batches-py
neg_slope : 0.02
optimizer : Adam
[DEBUG], Device  cuda:0
n_inputs 3072, n_classes 10
[DEBUG] start training
iter 0, train_loss_avg 18.81312370300293, test_loss_avg 149.6631622314453, train_acc 0.09600000083446503, test_acc_avg 0.16873067440092562
iter 100, train_loss_avg 31.869500670102564, test_loss_avg 18.035661697387695, train_acc 0.3440000116825104, test_acc_avg 0.29632001420855525
iter 200, train_loss_avg 22.496731338216296, test_loss_avg 6.940176486968994, train_acc 0.41200003027915955, test_acc_avg 0.3641786833604177
iter 300, train_loss_avg 16.67588711656209, test_loss_avg 3.5292084217071533, train_acc 0.42000001668930054, test_acc_avg 0.3654400166273117
iter 400, train_loss_avg 13.148707912449824, test_loss_avg 2.1407289505004883, train_acc 0.4360000193119049, test_acc_avg 0.3962186847726504
iter 500, train_loss_avg 10.87484786919729, test_loss_avg 1.8128458261489868, train_acc 0.4320000112056732, test_acc_avg 0.41670668625831603
iter 600, train_loss_avg 9.328926570601947, test_loss_avg 1.7548960447311401, train_acc 0.5360000133514404, test_acc_avg 0.4361866872708003
iter 700, train_loss_avg 8.2096186145056, test_loss_avg 1.6243841648101807, train_acc 0.5200000405311584, test_acc_avg 0.44967202109098436
iter 800, train_loss_avg 7.369764129023129, test_loss_avg 1.5956268310546875, train_acc 0.5160000324249268, test_acc_avg 0.4601146882176399
iter 900, train_loss_avg 6.712871432965921, test_loss_avg 1.65326726436615, train_acc 0.5080000162124634, test_acc_avg 0.4437226871848106
iter 1000, train_loss_avg 6.189860892224384, test_loss_avg 1.7016535997390747, train_acc 0.5040000081062317, test_acc_avg 0.4384586872259776
iter 1100, train_loss_avg 5.759991472466873, test_loss_avg 1.6332519054412842, train_acc 0.492000013589859, test_acc_avg 0.4473040206829707
iter 1200, train_loss_avg 5.403685497701614, test_loss_avg 1.677154302597046, train_acc 0.5600000023841858, test_acc_avg 0.4390933542052905
iter 1300, train_loss_avg 5.0968701209956, test_loss_avg 1.6810084581375122, train_acc 0.5360000133514404, test_acc_avg 0.4483706874251366
iter 1400, train_loss_avg 4.8428607568155435, test_loss_avg 1.7800142765045166, train_acc 0.47600001096725464, test_acc_avg 0.4319893535176913
Best Accuracy 0.4601146882176399
dnn_hidden_units : 100
learning_rate : 0.002
max_steps : 1500
batch_size : 250
eval_freq : 100
data_dir : ./cifar10/cifar-10-batches-py
neg_slope : 0.02
optimizer : Adamax
[DEBUG], Device  cuda:0
n_inputs 3072, n_classes 10
[DEBUG] start training
iter 0, train_loss_avg 18.81312370300293, test_loss_avg 149.66343688964844, train_acc 0.09600000083446503, test_acc_avg 0.16873067440092562
iter 100, train_loss_avg 23.57194662566232, test_loss_avg 11.311903953552246, train_acc 0.3840000033378601, test_acc_avg 0.32871201490362484
iter 200, train_loss_avg 17.435808205485937, test_loss_avg 9.210868835449219, train_acc 0.320000022649765, test_acc_avg 0.3488293491800626
iter 300, train_loss_avg 14.494819752005643, test_loss_avg 8.73326301574707, train_acc 0.3680000305175781, test_acc_avg 0.3303066817720731
iter 400, train_loss_avg 12.92525416419393, test_loss_avg 8.11206340789795, train_acc 0.3840000033378601, test_acc_avg 0.3291546812454859
iter 500, train_loss_avg 11.576296777782327, test_loss_avg 6.253384590148926, train_acc 0.35600000619888306, test_acc_avg 0.3673280167579651
iter 600, train_loss_avg 10.634996507806509, test_loss_avg 5.811493396759033, train_acc 0.4960000216960907, test_acc_avg 0.37156535039345423
iter 700, train_loss_avg 9.840823041899569, test_loss_avg 5.758473873138428, train_acc 0.40400001406669617, test_acc_avg 0.36920801643530526
iter 800, train_loss_avg 9.156054344367742, test_loss_avg 4.984402179718018, train_acc 0.4480000138282776, test_acc_avg 0.3729973500768344
iter 900, train_loss_avg 8.571146549051265, test_loss_avg 4.088365077972412, train_acc 0.4440000355243683, test_acc_avg 0.38672001743316653
iter 1000, train_loss_avg 8.057857096135676, test_loss_avg 3.724167585372925, train_acc 0.5120000243186951, test_acc_avg 0.37897868392864864
iter 1100, train_loss_avg 7.5850526647715, test_loss_avg 3.3549673557281494, train_acc 0.4000000059604645, test_acc_avg 0.3984400183558464
iter 1200, train_loss_avg 7.173620847540037, test_loss_avg 3.039161443710327, train_acc 0.5160000324249268, test_acc_avg 0.4000160179336866
iter 1300, train_loss_avg 6.781794068723528, test_loss_avg 2.5629870891571045, train_acc 0.48000001907348633, test_acc_avg 0.41063468583424884
iter 1400, train_loss_avg 6.439724805523547, test_loss_avg 2.554417610168457, train_acc 0.527999997138977, test_acc_avg 0.3866853507757187
Best Accuracy 0.41063468583424884
dnn_hidden_units : 100
learning_rate : 0.002
max_steps : 1500
batch_size : 250
eval_freq : 100
data_dir : ./cifar10/cifar-10-batches-py
neg_slope : 0.02
optimizer : Adagrad
[DEBUG], Device  cuda:0
n_inputs 3072, n_classes 10
[DEBUG] start training
iter 0, train_loss_avg 18.81312370300293, test_loss_avg 149.6634521484375, train_acc 0.09600000083446503, test_acc_avg 0.16873067440092562
iter 100, train_loss_avg 20.572104831733327, test_loss_avg 9.388428688049316, train_acc 0.3680000305175781, test_acc_avg 0.33760001519322397
iter 200, train_loss_avg 14.43543335454381, test_loss_avg 7.811983108520508, train_acc 0.3320000171661377, test_acc_avg 0.33641868220766385
iter 300, train_loss_avg 11.673092656753388, test_loss_avg 6.221027851104736, train_acc 0.42000001668930054, test_acc_avg 0.3632826832532883
iter 400, train_loss_avg 10.106912214559808, test_loss_avg 4.809320449829102, train_acc 0.41200003027915955, test_acc_avg 0.3706560170650482
iter 500, train_loss_avg 8.993316637541719, test_loss_avg 4.467252731323242, train_acc 0.3680000305175781, test_acc_avg 0.38060268439849215
iter 600, train_loss_avg 8.196791862291029, test_loss_avg 5.432159900665283, train_acc 0.4280000329017639, test_acc_avg 0.33925334870815277
iter 700, train_loss_avg 7.546025477530443, test_loss_avg 3.991832733154297, train_acc 0.3880000114440918, test_acc_avg 0.37827201680342354
iter 800, train_loss_avg 7.0494018610050615, test_loss_avg 4.346948623657227, train_acc 0.4880000352859497, test_acc_avg 0.37268535029888156
iter 900, train_loss_avg 6.630061712169753, test_loss_avg 3.860008716583252, train_acc 0.47200003266334534, test_acc_avg 0.3809733509818713
iter 1000, train_loss_avg 6.280698284164414, test_loss_avg 3.7034659385681152, train_acc 0.46800002455711365, test_acc_avg 0.3812933500210444
iter 1100, train_loss_avg 5.974549102306799, test_loss_avg 3.828455686569214, train_acc 0.40400001406669617, test_acc_avg 0.3717706834077835
iter 1200, train_loss_avg 5.71567016477688, test_loss_avg 3.4868788719177246, train_acc 0.492000013589859, test_acc_avg 0.38489601721366246
iter 1300, train_loss_avg 5.479795083919, test_loss_avg 3.8063275814056396, train_acc 0.46800002455711365, test_acc_avg 0.3761920169989268
iter 1400, train_loss_avg 5.276874872040187, test_loss_avg 3.543093204498291, train_acc 0.4360000193119049, test_acc_avg 0.3670933499932289
Best Accuracy 0.38489601721366246
dnn_hidden_units : 100
learning_rate : 0.002
max_steps : 1500
batch_size : 250
eval_freq : 100
data_dir : ./cifar10/cifar-10-batches-py
neg_slope : 0.02
optimizer : Adadelta
[DEBUG], Device  cuda:0
n_inputs 3072, n_classes 10
[DEBUG] start training
iter 0, train_loss_avg 18.81312370300293, test_loss_avg 20.334630966186523, train_acc 0.09600000083446503, test_acc_avg 0.09157333758970101
iter 100, train_loss_avg 12.618475479654746, test_loss_avg 9.509015083312988, train_acc 0.19200000166893005, test_acc_avg 0.19473867525657018
iter 200, train_loss_avg 10.598129742181124, test_loss_avg 7.946069240570068, train_acc 0.23200000822544098, test_acc_avg 0.22983734367291134
iter 300, train_loss_avg 9.524888612107185, test_loss_avg 7.148770809173584, train_acc 0.25600001215934753, test_acc_avg 0.25187734455863636
iter 400, train_loss_avg 8.827585879109447, test_loss_avg 6.601272106170654, train_acc 0.29600000381469727, test_acc_avg 0.2610373451213042
iter 500, train_loss_avg 8.302087229882886, test_loss_avg 6.184500694274902, train_acc 0.2680000066757202, test_acc_avg 0.2756826794246833
iter 600, train_loss_avg 7.8914800507455025, test_loss_avg 5.882959842681885, train_acc 0.2760000228881836, test_acc_avg 0.28088001294930776
iter 700, train_loss_avg 7.55122581392144, test_loss_avg 5.626245021820068, train_acc 0.30000001192092896, test_acc_avg 0.28950401292244593
iter 800, train_loss_avg 7.266825499159567, test_loss_avg 5.408237457275391, train_acc 0.328000009059906, test_acc_avg 0.2981626803676287
iter 900, train_loss_avg 7.016913924180178, test_loss_avg 5.223520278930664, train_acc 0.29600000381469727, test_acc_avg 0.3013146802186966
iter 1000, train_loss_avg 6.803412807571305, test_loss_avg 5.078573703765869, train_acc 0.30800002813339233, test_acc_avg 0.30298134734233223
iter 1100, train_loss_avg 6.606718428886337, test_loss_avg 4.933293342590332, train_acc 0.2840000092983246, test_acc_avg 0.3063040142158667
iter 1200, train_loss_avg 6.436654419625034, test_loss_avg 4.8157734870910645, train_acc 0.4240000247955322, test_acc_avg 0.3074426812827587
iter 1300, train_loss_avg 6.27720026031629, test_loss_avg 4.708109378814697, train_acc 0.320000022649765, test_acc_avg 0.3115333475271861
iter 1400, train_loss_avg 6.136216970786803, test_loss_avg 4.588501453399658, train_acc 0.3360000252723694, test_acc_avg 0.31518134741981824
Best Accuracy 0.31518134741981824
dnn_hidden_units : 100
learning_rate : 0.002
max_steps : 3000
batch_size : 50
eval_freq : 100
data_dir : ./cifar10/cifar-10-batches-py
neg_slope : 0.02
optimizer : Adam
[DEBUG], Device  cuda:0
n_inputs 3072, n_classes 10
[DEBUG] start training
iter 0, train_loss_avg 22.227096557617188, test_loss_avg 103.52347564697266, train_acc 0.14000000059604645, test_acc_avg 0.1392999962878724
iter 100, train_loss_avg 64.26504448616859, test_loss_avg 47.76861572265625, train_acc 0.23999999463558197, test_acc_avg 0.298199992587169
iter 200, train_loss_avg 47.37410629329397, test_loss_avg 17.435585021972656, train_acc 0.4599999785423279, test_acc_avg 0.3199999915758769
iter 300, train_loss_avg 35.5469813331021, test_loss_avg 7.988183498382568, train_acc 0.17999999225139618, test_acc_avg 0.3021999925101797
iter 400, train_loss_avg 27.94197990591092, test_loss_avg 3.232259750366211, train_acc 0.2199999988079071, test_acc_avg 0.31009999207655586
iter 500, train_loss_avg 22.879498408226198, test_loss_avg 2.5340042114257812, train_acc 0.41999998688697815, test_acc_avg 0.3526999909132719
iter 600, train_loss_avg 19.46105522958689, test_loss_avg 2.3317809104919434, train_acc 0.35999998450279236, test_acc_avg 0.33719999125848216
iter 700, train_loss_avg 17.008317116833958, test_loss_avg 2.133979558944702, train_acc 0.3799999952316284, test_acc_avg 0.3374999911909302
iter 800, train_loss_avg 15.161752834748686, test_loss_avg 2.238072633743286, train_acc 0.29999998211860657, test_acc_avg 0.3306999913031856
iter 900, train_loss_avg 13.726984453254216, test_loss_avg 2.103353261947632, train_acc 0.4599999785423279, test_acc_avg 0.34119999093314013
iter 1000, train_loss_avg 12.57034885645151, test_loss_avg 2.1715869903564453, train_acc 0.4599999785423279, test_acc_avg 0.3526999905904134
iter 1100, train_loss_avg 11.620378983659597, test_loss_avg 2.387464761734009, train_acc 0.3799999952316284, test_acc_avg 0.3169999918465813
iter 1200, train_loss_avg 10.839147171410394, test_loss_avg 2.36673903465271, train_acc 0.3400000035762787, test_acc_avg 0.32409999184310434
iter 1300, train_loss_avg 10.184402335707176, test_loss_avg 2.4237868785858154, train_acc 0.25999999046325684, test_acc_avg 0.3155999919126431
iter 1400, train_loss_avg 9.624563203548892, test_loss_avg 2.2076785564422607, train_acc 0.41999998688697815, test_acc_avg 0.3356999912634492
iter 1500, train_loss_avg 9.142287402769314, test_loss_avg 2.5825345516204834, train_acc 0.3400000035762787, test_acc_avg 0.3015999921609958
iter 1600, train_loss_avg 8.752014887846686, test_loss_avg 2.942660093307495, train_acc 0.47999998927116394, test_acc_avg 0.30979999210188786
iter 1700, train_loss_avg 8.403027353253103, test_loss_avg 2.9644198417663574, train_acc 0.3199999928474426, test_acc_avg 0.2915999927893281
iter 1800, train_loss_avg 8.111058138133021, test_loss_avg 3.1995437145233154, train_acc 0.3799999952316284, test_acc_avg 0.3055999920616547
iter 1900, train_loss_avg 7.847863924497055, test_loss_avg 3.0161566734313965, train_acc 0.4399999976158142, test_acc_avg 0.284399992754062
iter 2000, train_loss_avg 7.629594002766111, test_loss_avg 3.152783155441284, train_acc 0.23999999463558197, test_acc_avg 0.32049999162803094
iter 2100, train_loss_avg 7.424290428951433, test_loss_avg 3.4237852096557617, train_acc 0.17999999225139618, test_acc_avg 0.2632999933622778
iter 2200, train_loss_avg 7.355476228175841, test_loss_avg 5.561630725860596, train_acc 0.2800000011920929, test_acc_avg 0.24259999355177084
iter 2300, train_loss_avg 7.276077586119717, test_loss_avg 4.891306400299072, train_acc 0.3199999928474426, test_acc_avg 0.27519999317079785
iter 2400, train_loss_avg 7.1732098017569035, test_loss_avg 4.952124118804932, train_acc 0.29999998211860657, test_acc_avg 0.24689999353513123
iter 2500, train_loss_avg 7.065367217923774, test_loss_avg 4.112327575683594, train_acc 0.3400000035762787, test_acc_avg 0.27039999336376785
iter 2600, train_loss_avg 6.950014924324737, test_loss_avg 3.565741539001465, train_acc 0.25999999046325684, test_acc_avg 0.2858999928496778
iter 2700, train_loss_avg 6.859841162431951, test_loss_avg 3.6741514205932617, train_acc 0.2800000011920929, test_acc_avg 0.2809999928871791
iter 2800, train_loss_avg 6.781808665036219, test_loss_avg 6.060920715332031, train_acc 0.2800000011920929, test_acc_avg 0.2371999938376248
iter 2900, train_loss_avg 6.7269612958783815, test_loss_avg 4.706081867218018, train_acc 0.3999999761581421, test_acc_avg 0.29279999260107675
Best Accuracy 0.3526999909132719
dnn_hidden_units : 100
learning_rate : 0.002
max_steps : 3000
batch_size : 50
eval_freq : 100
data_dir : ./cifar10/cifar-10-batches-py
neg_slope : 0.02
optimizer : Adamax
[DEBUG], Device  cuda:0
n_inputs 3072, n_classes 10
[DEBUG] start training
iter 0, train_loss_avg 22.227096557617188, test_loss_avg 103.52349853515625, train_acc 0.14000000059604645, test_acc_avg 0.1392999962878724
iter 100, train_loss_avg 41.78553373506754, test_loss_avg 32.156494140625, train_acc 0.29999998211860657, test_acc_avg 0.2847999927798907
iter 200, train_loss_avg 33.53573186124735, test_loss_avg 22.3807430267334, train_acc 0.2800000011920929, test_acc_avg 0.30489999217540026
iter 300, train_loss_avg 29.51787594703345, test_loss_avg 17.856828689575195, train_acc 0.2199999988079071, test_acc_avg 0.3396999912659327
iter 400, train_loss_avg 26.78188057611708, test_loss_avg 22.060644149780273, train_acc 0.17999999225139618, test_acc_avg 0.28209999317179124
iter 500, train_loss_avg 24.675687780399283, test_loss_avg 14.097463607788086, train_acc 0.5600000023841858, test_acc_avg 0.34409999110301337
iter 600, train_loss_avg 22.87834713978696, test_loss_avg 13.19640064239502, train_acc 0.29999998211860657, test_acc_avg 0.32589999147256216
iter 700, train_loss_avg 21.36008154002474, test_loss_avg 12.821599960327148, train_acc 0.41999998688697815, test_acc_avg 0.32049999173233906
iter 800, train_loss_avg 20.067754395445636, test_loss_avg 10.72910213470459, train_acc 0.3799999952316284, test_acc_avg 0.33789999116708835
iter 900, train_loss_avg 18.95011522873128, test_loss_avg 8.489999771118164, train_acc 0.5399999618530273, test_acc_avg 0.3360999912371238
iter 1000, train_loss_avg 17.801244009505737, test_loss_avg 6.626407623291016, train_acc 0.29999998211860657, test_acc_avg 0.3527999907433987
iter 1100, train_loss_avg 16.659733701250317, test_loss_avg 5.023542881011963, train_acc 0.41999998688697815, test_acc_avg 0.3485999908174078
iter 1200, train_loss_avg 15.648048088612107, test_loss_avg 4.3898749351501465, train_acc 0.3999999761581421, test_acc_avg 0.36809999024371304
iter 1300, train_loss_avg 14.722524760687563, test_loss_avg 3.7771270275115967, train_acc 0.25999999046325684, test_acc_avg 0.347799990956982
iter 1400, train_loss_avg 13.899565009880202, test_loss_avg 3.225649356842041, train_acc 0.5799999833106995, test_acc_avg 0.3761999894132217
iter 1500, train_loss_avg 13.154760425762682, test_loss_avg 2.7771430015563965, train_acc 0.47999998927116394, test_acc_avg 0.3589999905601144
iter 1600, train_loss_avg 12.473319000188146, test_loss_avg 2.2444393634796143, train_acc 0.3199999928474426, test_acc_avg 0.3786999898975094
iter 1700, train_loss_avg 11.856792243840342, test_loss_avg 2.17734956741333, train_acc 0.3799999952316284, test_acc_avg 0.37359998989105225
iter 1800, train_loss_avg 11.30151268947396, test_loss_avg 1.8898497819900513, train_acc 0.5, test_acc_avg 0.4137999886224667
iter 1900, train_loss_avg 10.803647482413984, test_loss_avg 1.7440941333770752, train_acc 0.47999998927116394, test_acc_avg 0.4262999880413214
iter 2000, train_loss_avg 10.35306012106204, test_loss_avg 1.7586379051208496, train_acc 0.3999999761581421, test_acc_avg 0.41209998878836634
iter 2100, train_loss_avg 9.938786040539403, test_loss_avg 1.8411592245101929, train_acc 0.4599999785423279, test_acc_avg 0.39849998912711937
iter 2200, train_loss_avg 9.566428432026976, test_loss_avg 1.8440364599227905, train_acc 0.3999999761581421, test_acc_avg 0.3985999889324109
iter 2300, train_loss_avg 9.224284107972103, test_loss_avg 1.819786787033081, train_acc 0.35999998450279236, test_acc_avg 0.41029998831450937
iter 2400, train_loss_avg 8.913335038095353, test_loss_avg 1.7778414487838745, train_acc 0.4599999785423279, test_acc_avg 0.3997999888559183
iter 2500, train_loss_avg 8.629054844403257, test_loss_avg 1.7591197490692139, train_acc 0.47999998927116394, test_acc_avg 0.4138999883532524
iter 2600, train_loss_avg 8.364289605447944, test_loss_avg 1.8396860361099243, train_acc 0.4599999785423279, test_acc_avg 0.39339998904863993
iter 2700, train_loss_avg 8.12122158269801, test_loss_avg 1.9036298990249634, train_acc 0.3999999761581421, test_acc_avg 0.3876999895721674
iter 2800, train_loss_avg 7.898088925695981, test_loss_avg 1.9169648885726929, train_acc 0.41999998688697815, test_acc_avg 0.3775999898314476
iter 2900, train_loss_avg 7.6886613209960135, test_loss_avg 1.9382421970367432, train_acc 0.41999998688697815, test_acc_avg 0.3721999898602565
Best Accuracy 0.4262999880413214
dnn_hidden_units : 100
learning_rate : 0.002
max_steps : 3000
batch_size : 50
eval_freq : 100
data_dir : ./cifar10/cifar-10-batches-py
neg_slope : 0.02
optimizer : Adagrad
[DEBUG], Device  cuda:0
n_inputs 3072, n_classes 10
[DEBUG] start training
iter 0, train_loss_avg 22.227096557617188, test_loss_avg 103.52351379394531, train_acc 0.14000000059604645, test_acc_avg 0.1392999962878724
iter 100, train_loss_avg 24.15469690832761, test_loss_avg 13.068228721618652, train_acc 0.2800000011920929, test_acc_avg 0.3216999917700887
iter 200, train_loss_avg 17.79523993724614, test_loss_avg 10.145271301269531, train_acc 0.3199999928474426, test_acc_avg 0.3345999912470579
iter 300, train_loss_avg 15.014807628238716, test_loss_avg 8.88693618774414, train_acc 0.2800000011920929, test_acc_avg 0.3314999910593033
iter 400, train_loss_avg 13.335849603809917, test_loss_avg 7.402393817901611, train_acc 0.23999999463558197, test_acc_avg 0.3590999904026588
iter 500, train_loss_avg 12.077308630990887, test_loss_avg 6.618997573852539, train_acc 0.41999998688697815, test_acc_avg 0.35719999015331266
iter 600, train_loss_avg 11.143244461291244, test_loss_avg 6.401453018188477, train_acc 0.3400000035762787, test_acc_avg 0.35579999042550725
iter 700, train_loss_avg 10.43770289012947, test_loss_avg 5.602473258972168, train_acc 0.3999999761581421, test_acc_avg 0.36959999017417433
iter 800, train_loss_avg 9.853267947386266, test_loss_avg 5.337451457977295, train_acc 0.3199999928474426, test_acc_avg 0.34939999095102153
iter 900, train_loss_avg 9.387714496860228, test_loss_avg 5.00956916809082, train_acc 0.47999998927116394, test_acc_avg 0.3594999904135863
iter 1000, train_loss_avg 8.968632453924174, test_loss_avg 4.860435485839844, train_acc 0.4599999785423279, test_acc_avg 0.35639999054620664
iter 1100, train_loss_avg 8.53827511712056, test_loss_avg 4.9326605796813965, train_acc 0.4599999785423279, test_acc_avg 0.35329999079306923
iter 1200, train_loss_avg 8.179996986373279, test_loss_avg 4.765728950500488, train_acc 0.47999998927116394, test_acc_avg 0.36449999031921226
iter 1300, train_loss_avg 7.863939112466084, test_loss_avg 4.441246509552002, train_acc 0.2800000011920929, test_acc_avg 0.3677999903857708
iter 1400, train_loss_avg 7.5868920257140875, test_loss_avg 4.464644432067871, train_acc 0.4399999976158142, test_acc_avg 0.3759999898473422
iter 1500, train_loss_avg 7.350864198269803, test_loss_avg 4.428142070770264, train_acc 0.3799999952316284, test_acc_avg 0.36109999044736224
iter 1600, train_loss_avg 7.136173147175328, test_loss_avg 4.196724891662598, train_acc 0.35999998450279236, test_acc_avg 0.37349998971323173
iter 1700, train_loss_avg 6.936698276109376, test_loss_avg 3.980266571044922, train_acc 0.41999998688697815, test_acc_avg 0.37919998974601427
iter 1800, train_loss_avg 6.75445586889734, test_loss_avg 4.273679256439209, train_acc 0.4399999976158142, test_acc_avg 0.36769998996208114
iter 1900, train_loss_avg 6.591206367739497, test_loss_avg 3.8337457180023193, train_acc 0.3799999952316284, test_acc_avg 0.37739998986323675
iter 2000, train_loss_avg 6.437228744295703, test_loss_avg 3.865109443664551, train_acc 0.3999999761581421, test_acc_avg 0.38339998963971933
iter 2100, train_loss_avg 6.276598324836974, test_loss_avg 3.803572654724121, train_acc 0.29999998211860657, test_acc_avg 0.3844999894623955
iter 2200, train_loss_avg 6.129483415071989, test_loss_avg 4.006664276123047, train_acc 0.4399999976158142, test_acc_avg 0.366099990049998
iter 2300, train_loss_avg 5.993661679997749, test_loss_avg 3.6395225524902344, train_acc 0.47999998927116394, test_acc_avg 0.3763999896844228
iter 2400, train_loss_avg 5.867522509929191, test_loss_avg 3.6464133262634277, train_acc 0.3999999761581421, test_acc_avg 0.36909999020646017
iter 2500, train_loss_avg 5.759730423226065, test_loss_avg 3.608131170272827, train_acc 0.5399999618530273, test_acc_avg 0.377699989815553
iter 2600, train_loss_avg 5.648981205732352, test_loss_avg 3.5017497539520264, train_acc 0.5199999809265137, test_acc_avg 0.37939999001224833
iter 2700, train_loss_avg 5.5473774711276285, test_loss_avg 3.653658866882324, train_acc 0.41999998688697815, test_acc_avg 0.3799999895791213
iter 2800, train_loss_avg 5.455003280164684, test_loss_avg 3.467714309692383, train_acc 0.3999999761581421, test_acc_avg 0.38239998955031235
iter 2900, train_loss_avg 5.367528455251663, test_loss_avg 3.521803617477417, train_acc 0.4399999976158142, test_acc_avg 0.38579998986423014
Best Accuracy 0.38579998986423014
dnn_hidden_units : 100
learning_rate : 0.002
max_steps : 3000
batch_size : 50
eval_freq : 100
data_dir : ./cifar10/cifar-10-batches-py
neg_slope : 0.02
optimizer : Adadelta
[DEBUG], Device  cuda:0
n_inputs 3072, n_classes 10
[DEBUG] start training
iter 0, train_loss_avg 22.227096557617188, test_loss_avg 20.511381149291992, train_acc 0.14000000059604645, test_acc_avg 0.08959999755769968
iter 100, train_loss_avg 13.86671760294697, test_loss_avg 11.206132888793945, train_acc 0.1599999964237213, test_acc_avg 0.16709999535232783
iter 200, train_loss_avg 12.011322161451501, test_loss_avg 9.315662384033203, train_acc 0.1599999964237213, test_acc_avg 0.19609999457250038
iter 300, train_loss_avg 11.01332651024245, test_loss_avg 8.448122024536133, train_acc 0.3199999928474426, test_acc_avg 0.2218999940988918
iter 400, train_loss_avg 10.352289701637782, test_loss_avg 7.9138593673706055, train_acc 0.29999998211860657, test_acc_avg 0.2278999939498802
iter 500, train_loss_avg 9.767749165822408, test_loss_avg 7.501876354217529, train_acc 0.25999999046325684, test_acc_avg 0.2436999938301742
iter 600, train_loss_avg 9.33736470138372, test_loss_avg 7.200815200805664, train_acc 0.2800000011920929, test_acc_avg 0.24739999365930757
iter 700, train_loss_avg 9.038307230074633, test_loss_avg 6.926424026489258, train_acc 0.3400000035762787, test_acc_avg 0.2519999934261044
iter 800, train_loss_avg 8.741959639107542, test_loss_avg 6.67640495300293, train_acc 0.3400000035762787, test_acc_avg 0.25889999348546067
iter 900, train_loss_avg 8.496668506541871, test_loss_avg 6.4884114265441895, train_acc 0.3999999761581421, test_acc_avg 0.2664999930883447
iter 1000, train_loss_avg 8.2849906660341, test_loss_avg 6.300508975982666, train_acc 0.23999999463558197, test_acc_avg 0.2737999927587807
iter 1100, train_loss_avg 8.075710632495724, test_loss_avg 6.2161054611206055, train_acc 0.3199999928474426, test_acc_avg 0.27219999306897324
iter 1200, train_loss_avg 7.881860606577077, test_loss_avg 6.044300556182861, train_acc 0.23999999463558197, test_acc_avg 0.27869999314844607
iter 1300, train_loss_avg 7.714395931553236, test_loss_avg 5.950199127197266, train_acc 0.3400000035762787, test_acc_avg 0.2813999928769966
iter 1400, train_loss_avg 7.572578958066169, test_loss_avg 5.813615798950195, train_acc 0.3400000035762787, test_acc_avg 0.28689999269197386
iter 1500, train_loss_avg 7.439753049536597, test_loss_avg 5.692209720611572, train_acc 0.25999999046325684, test_acc_avg 0.29169999255736667
iter 1600, train_loss_avg 7.3187877351533315, test_loss_avg 5.576929569244385, train_acc 0.3799999952316284, test_acc_avg 0.28879999248931804
iter 1700, train_loss_avg 7.205355839193883, test_loss_avg 5.518731117248535, train_acc 0.29999998211860657, test_acc_avg 0.2901999926914771
iter 1800, train_loss_avg 7.10345967023787, test_loss_avg 5.397284984588623, train_acc 0.2800000011920929, test_acc_avg 0.2964999926711122
iter 1900, train_loss_avg 7.005047969351562, test_loss_avg 5.311702251434326, train_acc 0.2800000011920929, test_acc_avg 0.3059999921073516
iter 2000, train_loss_avg 6.908527065074068, test_loss_avg 5.28693962097168, train_acc 0.25999999046325684, test_acc_avg 0.30019999262938896
iter 2100, train_loss_avg 6.813070236416671, test_loss_avg 5.1490983963012695, train_acc 0.25999999046325684, test_acc_avg 0.3048999922076861
iter 2200, train_loss_avg 6.720897913087449, test_loss_avg 5.099099159240723, train_acc 0.29999998211860657, test_acc_avg 0.3098999922027191
iter 2300, train_loss_avg 6.635323164101426, test_loss_avg 5.018324375152588, train_acc 0.3400000035762787, test_acc_avg 0.30959999218334755
iter 2400, train_loss_avg 6.557176717268035, test_loss_avg 4.986529350280762, train_acc 0.3799999952316284, test_acc_avg 0.310299992069602
iter 2500, train_loss_avg 6.487027471802417, test_loss_avg 4.916497230529785, train_acc 0.3400000035762787, test_acc_avg 0.30819999215751887
iter 2600, train_loss_avg 6.41775695858713, test_loss_avg 4.873135089874268, train_acc 0.4399999976158142, test_acc_avg 0.3102999921540419
iter 2700, train_loss_avg 6.344878365577745, test_loss_avg 4.835564613342285, train_acc 0.3400000035762787, test_acc_avg 0.31029999218632776
iter 2800, train_loss_avg 6.280084402550123, test_loss_avg 4.768109321594238, train_acc 0.3799999952316284, test_acc_avg 0.3156999919737379
iter 2900, train_loss_avg 6.2155652044559915, test_loss_avg 4.72728157043457, train_acc 0.41999998688697815, test_acc_avg 0.31839999194691576
Best Accuracy 0.31839999194691576
dnn_hidden_units : 100
learning_rate : 0.002
max_steps : 3000
batch_size : 100
eval_freq : 100
data_dir : ./cifar10/cifar-10-batches-py
neg_slope : 0.02
optimizer : Adam
[DEBUG], Device  cuda:0
n_inputs 3072, n_classes 10
[DEBUG] start training
iter 0, train_loss_avg 18.080524444580078, test_loss_avg 122.31697082519531, train_acc 0.14000000059604645, test_acc_avg 0.14809999621349076
iter 100, train_loss_avg 46.35447723086518, test_loss_avg 26.256128311157227, train_acc 0.38999998569488525, test_acc_avg 0.30399999243517717
iter 200, train_loss_avg 32.26692376682414, test_loss_avg 10.757916450500488, train_acc 0.29999998211860657, test_acc_avg 0.31849999237060544
iter 300, train_loss_avg 23.74917054810001, test_loss_avg 3.98250675201416, train_acc 0.32999998331069946, test_acc_avg 0.33459999231994153
iter 400, train_loss_avg 18.554591379558058, test_loss_avg 2.1361000537872314, train_acc 0.4099999964237213, test_acc_avg 0.36129999126990636
iter 500, train_loss_avg 15.254398373072732, test_loss_avg 1.8906255960464478, train_acc 0.429999977350235, test_acc_avg 0.3890999904125929
iter 600, train_loss_avg 13.015179612077215, test_loss_avg 2.107978105545044, train_acc 0.4899999797344208, test_acc_avg 0.35719999149938425
iter 700, train_loss_avg 11.417174873950648, test_loss_avg 1.7766785621643066, train_acc 0.5099999904632568, test_acc_avg 0.4065999893844128
iter 800, train_loss_avg 10.21685633067037, test_loss_avg 1.7505638599395752, train_acc 0.35999998450279236, test_acc_avg 0.4096999893337488
iter 900, train_loss_avg 9.278830344219186, test_loss_avg 1.763543963432312, train_acc 0.41999998688697815, test_acc_avg 0.4101999894231558
iter 1000, train_loss_avg 8.535526187746198, test_loss_avg 1.8937430381774902, train_acc 0.3700000047683716, test_acc_avg 0.3987999898393949
iter 1100, train_loss_avg 7.926710817945967, test_loss_avg 1.8595634698867798, train_acc 0.41999998688697815, test_acc_avg 0.3980999898115794
iter 1200, train_loss_avg 7.417648697375854, test_loss_avg 1.89490807056427, train_acc 0.3700000047683716, test_acc_avg 0.3747999911159277
iter 1300, train_loss_avg 6.991093607520617, test_loss_avg 2.0596659183502197, train_acc 0.3199999928474426, test_acc_avg 0.36299999137719474
iter 1400, train_loss_avg 6.637851522106685, test_loss_avg 2.0996901988983154, train_acc 0.35999998450279236, test_acc_avg 0.35409999170402684
iter 1500, train_loss_avg 6.32920460658102, test_loss_avg 1.954825520515442, train_acc 0.3799999952316284, test_acc_avg 0.38989999034504097
iter 1600, train_loss_avg 6.056477301795359, test_loss_avg 2.466196298599243, train_acc 0.3700000047683716, test_acc_avg 0.3460999922355016
iter 1700, train_loss_avg 5.826107701016201, test_loss_avg 2.333927631378174, train_acc 0.32999998331069946, test_acc_avg 0.3648999913930893
iter 1800, train_loss_avg 5.6224649254313315, test_loss_avg 2.1727285385131836, train_acc 0.38999998569488525, test_acc_avg 0.3632999915232261
iter 1900, train_loss_avg 5.443317499052908, test_loss_avg 2.6062562465667725, train_acc 0.35999998450279236, test_acc_avg 0.3308999923467636
iter 2000, train_loss_avg 5.291515143140443, test_loss_avg 2.110700845718384, train_acc 0.3700000047683716, test_acc_avg 0.364399991547068
iter 2100, train_loss_avg 5.14739131286336, test_loss_avg 2.309890031814575, train_acc 0.3400000035762787, test_acc_avg 0.359099991346399
iter 2200, train_loss_avg 5.0312247594775314, test_loss_avg 2.849297523498535, train_acc 0.25, test_acc_avg 0.32569999250769616
iter 2300, train_loss_avg 4.920858982489038, test_loss_avg 2.541147232055664, train_acc 0.3100000023841858, test_acc_avg 0.3494999918391307
iter 2400, train_loss_avg 4.828000596889304, test_loss_avg 3.3892900943756104, train_acc 0.3100000023841858, test_acc_avg 0.2848999928832054
iter 2500, train_loss_avg 4.744258642768631, test_loss_avg 2.5392069816589355, train_acc 0.3499999940395355, test_acc_avg 0.29899999243269365
iter 2600, train_loss_avg 4.663043367179803, test_loss_avg 2.703064203262329, train_acc 0.3199999928474426, test_acc_avg 0.3154999926388264
iter 2700, train_loss_avg 4.59436209817058, test_loss_avg 2.9871654510498047, train_acc 0.3700000047683716, test_acc_avg 0.31039999243617056
iter 2800, train_loss_avg 4.5294649869959, test_loss_avg 3.239061117172241, train_acc 0.29999998211860657, test_acc_avg 0.25749999287724495
iter 2900, train_loss_avg 4.54472683808262, test_loss_avg 4.278068542480469, train_acc 0.28999999165534973, test_acc_avg 0.28649999253451824
Best Accuracy 0.4101999894231558
dnn_hidden_units : 100
learning_rate : 0.002
max_steps : 3000
batch_size : 100
eval_freq : 100
data_dir : ./cifar10/cifar-10-batches-py
neg_slope : 0.02
optimizer : Adamax
[DEBUG], Device  cuda:0
n_inputs 3072, n_classes 10
[DEBUG] start training
iter 0, train_loss_avg 18.080524444580078, test_loss_avg 122.31710052490234, train_acc 0.14000000059604645, test_acc_avg 0.14809999621349076
iter 100, train_loss_avg 30.070449375870204, test_loss_avg 20.064176559448242, train_acc 0.3400000035762787, test_acc_avg 0.3168999925752481
iter 200, train_loss_avg 23.87858826366823, test_loss_avg 16.40452003479004, train_acc 0.3700000047683716, test_acc_avg 0.32519999259710314
iter 300, train_loss_avg 21.113384614355144, test_loss_avg 13.423140525817871, train_acc 0.35999998450279236, test_acc_avg 0.3084999925494194
iter 400, train_loss_avg 19.04154982887896, test_loss_avg 12.199945449829102, train_acc 0.25, test_acc_avg 0.32699999259908996
iter 500, train_loss_avg 17.487064397739555, test_loss_avg 10.919313430786133, train_acc 0.26999998092651367, test_acc_avg 0.326999992047747
iter 600, train_loss_avg 16.060020322212562, test_loss_avg 8.680716514587402, train_acc 0.38999998569488525, test_acc_avg 0.3386999926865101
iter 700, train_loss_avg 14.91197240505681, test_loss_avg 8.459238052368164, train_acc 0.3499999940395355, test_acc_avg 0.34639999187986054
iter 800, train_loss_avg 13.909368037582189, test_loss_avg 6.955607891082764, train_acc 0.38999998569488525, test_acc_avg 0.34299999196827413
iter 900, train_loss_avg 12.960400954732355, test_loss_avg 5.560657501220703, train_acc 0.38999998569488525, test_acc_avg 0.3744999908308188
iter 1000, train_loss_avg 12.09548155935137, test_loss_avg 3.775141954421997, train_acc 0.4099999964237213, test_acc_avg 0.38139999068776764
iter 1100, train_loss_avg 11.28711595890416, test_loss_avg 3.238759994506836, train_acc 0.3700000047683716, test_acc_avg 0.378199990734458
iter 1200, train_loss_avg 10.567482499258405, test_loss_avg 2.777104139328003, train_acc 0.3799999952316284, test_acc_avg 0.3988999894807736
iter 1300, train_loss_avg 9.938417060388042, test_loss_avg 2.6924712657928467, train_acc 0.41999998688697815, test_acc_avg 0.3672999912252029
iter 1400, train_loss_avg 9.388663342644026, test_loss_avg 2.4163615703582764, train_acc 0.4699999988079071, test_acc_avg 0.3695999912172556
iter 1500, train_loss_avg 8.888259214849809, test_loss_avg 1.9483643770217896, train_acc 0.44999998807907104, test_acc_avg 0.401899989609917
iter 1600, train_loss_avg 8.432183393904896, test_loss_avg 1.7470203638076782, train_acc 0.3999999761581421, test_acc_avg 0.430099989036719
iter 1700, train_loss_avg 8.028506364351438, test_loss_avg 1.7524222135543823, train_acc 0.3499999940395355, test_acc_avg 0.43609998853007953
iter 1800, train_loss_avg 7.667781580295383, test_loss_avg 1.664417028427124, train_acc 0.4399999976158142, test_acc_avg 0.4431999879777431
iter 1900, train_loss_avg 7.344895524642519, test_loss_avg 1.6962546110153198, train_acc 0.5699999928474426, test_acc_avg 0.43749998822808267
iter 2000, train_loss_avg 7.053985719142229, test_loss_avg 1.6158759593963623, train_acc 0.5600000023841858, test_acc_avg 0.4509999881386757
iter 2100, train_loss_avg 6.788017947466131, test_loss_avg 1.6844825744628906, train_acc 0.4099999964237213, test_acc_avg 0.433499988903602
iter 2200, train_loss_avg 6.548529024938733, test_loss_avg 1.6806308031082153, train_acc 0.4899999797344208, test_acc_avg 0.43389998852709927
iter 2300, train_loss_avg 6.332518709011567, test_loss_avg 1.6810330152511597, train_acc 0.5099999904632568, test_acc_avg 0.43129998868703845
iter 2400, train_loss_avg 6.133917830279349, test_loss_avg 1.7101565599441528, train_acc 0.5099999904632568, test_acc_avg 0.43979998832941053
iter 2500, train_loss_avg 5.95212708550041, test_loss_avg 1.782525897026062, train_acc 0.4599999785423279, test_acc_avg 0.40669998969634374
iter 2600, train_loss_avg 5.782750941798669, test_loss_avg 1.7612000703811646, train_acc 0.5099999904632568, test_acc_avg 0.4236999887724717
iter 2700, train_loss_avg 5.626853210799829, test_loss_avg 1.7328557968139648, train_acc 0.5299999713897705, test_acc_avg 0.42839998867114387
iter 2800, train_loss_avg 5.484396916208673, test_loss_avg 1.8180429935455322, train_acc 0.44999998807907104, test_acc_avg 0.4017999894966682
iter 2900, train_loss_avg 5.3512346001996205, test_loss_avg 1.7398743629455566, train_acc 0.4399999976158142, test_acc_avg 0.4069999896536271
Best Accuracy 0.4509999881386757
dnn_hidden_units : 100
learning_rate : 0.002
max_steps : 3000
batch_size : 100
eval_freq : 100
data_dir : ./cifar10/cifar-10-batches-py
neg_slope : 0.02
optimizer : Adagrad
[DEBUG], Device  cuda:0
n_inputs 3072, n_classes 10
[DEBUG] start training
iter 0, train_loss_avg 18.080524444580078, test_loss_avg 122.31710052490234, train_acc 0.14000000059604645, test_acc_avg 0.14809999621349076
iter 100, train_loss_avg 21.404409531319494, test_loss_avg 10.7305908203125, train_acc 0.32999998331069946, test_acc_avg 0.3304999919484059
iter 200, train_loss_avg 15.583776137128991, test_loss_avg 8.140291213989258, train_acc 0.22999998927116394, test_acc_avg 0.3391999922543764
iter 300, train_loss_avg 12.903752553502587, test_loss_avg 7.01234769821167, train_acc 0.3499999940395355, test_acc_avg 0.3326999923388163
iter 400, train_loss_avg 11.325933398154014, test_loss_avg 5.70308780670166, train_acc 0.4099999964237213, test_acc_avg 0.3545999918530385
iter 500, train_loss_avg 10.237423600312955, test_loss_avg 5.118490695953369, train_acc 0.5199999809265137, test_acc_avg 0.36849999137719475
iter 600, train_loss_avg 9.30507485402404, test_loss_avg 4.804131031036377, train_acc 0.4599999785423279, test_acc_avg 0.3768999909857909
iter 700, train_loss_avg 8.607308710862839, test_loss_avg 4.684391498565674, train_acc 0.4099999964237213, test_acc_avg 0.3662999914586544
iter 800, train_loss_avg 8.07052599327097, test_loss_avg 4.514336585998535, train_acc 0.429999977350235, test_acc_avg 0.38569999068478744
iter 900, train_loss_avg 7.62533411122321, test_loss_avg 4.266067981719971, train_acc 0.32999998331069946, test_acc_avg 0.37789999071756997
iter 1000, train_loss_avg 7.259729112897601, test_loss_avg 4.363996982574463, train_acc 0.44999998807907104, test_acc_avg 0.37379999104142186
iter 1100, train_loss_avg 6.904327232982764, test_loss_avg 4.154070854187012, train_acc 0.3700000047683716, test_acc_avg 0.37209999103347463
iter 1200, train_loss_avg 6.602361742304724, test_loss_avg 3.821164131164551, train_acc 0.3799999952316284, test_acc_avg 0.37619999101758006
iter 1300, train_loss_avg 6.354777658196434, test_loss_avg 3.685471296310425, train_acc 0.4599999785423279, test_acc_avg 0.38319999067485333
iter 1400, train_loss_avg 6.12638744458737, test_loss_avg 3.6097874641418457, train_acc 0.44999998807907104, test_acc_avg 0.38409999036292236
iter 1500, train_loss_avg 5.926823221707964, test_loss_avg 3.5840389728546143, train_acc 0.4399999976158142, test_acc_avg 0.38269999041159947
iter 1600, train_loss_avg 5.731753348634066, test_loss_avg 3.5377368927001953, train_acc 0.429999977350235, test_acc_avg 0.39389999012152355
iter 1700, train_loss_avg 5.556355803241315, test_loss_avg 3.7570950984954834, train_acc 0.4599999785423279, test_acc_avg 0.3742999907980363
iter 1800, train_loss_avg 5.400380251408947, test_loss_avg 3.3843679428100586, train_acc 0.4899999797344208, test_acc_avg 0.3804999906271696
iter 1900, train_loss_avg 5.25994803459001, test_loss_avg 3.2626099586486816, train_acc 0.4599999785423279, test_acc_avg 0.3977999898145596
iter 2000, train_loss_avg 5.129700455887207, test_loss_avg 3.2707760334014893, train_acc 0.44999998807907104, test_acc_avg 0.38629999044537544
iter 2100, train_loss_avg 4.999226845485264, test_loss_avg 3.6252613067626953, train_acc 0.3100000023841858, test_acc_avg 0.36469999140501025
iter 2200, train_loss_avg 4.883077046265661, test_loss_avg 3.216672897338867, train_acc 0.4099999964237213, test_acc_avg 0.3954999900360902
iter 2300, train_loss_avg 4.77615724916512, test_loss_avg 3.1878316402435303, train_acc 0.5399999618530273, test_acc_avg 0.3944999899119139
iter 2400, train_loss_avg 4.676626577371361, test_loss_avg 3.1635305881500244, train_acc 0.38999998569488525, test_acc_avg 0.394999989738067
iter 2500, train_loss_avg 4.5853849922547765, test_loss_avg 3.0846755504608154, train_acc 0.4899999797344208, test_acc_avg 0.38719999028245605
iter 2600, train_loss_avg 4.492728849504141, test_loss_avg 3.007289171218872, train_acc 0.4399999976158142, test_acc_avg 0.3964999898026387
iter 2700, train_loss_avg 4.408119630345765, test_loss_avg 2.978015899658203, train_acc 0.5199999809265137, test_acc_avg 0.398599989960591
iter 2800, train_loss_avg 4.329010188302922, test_loss_avg 2.9994335174560547, train_acc 0.4399999976158142, test_acc_avg 0.39679998987416426
iter 2900, train_loss_avg 4.25347738206818, test_loss_avg 3.203517198562622, train_acc 0.47999998927116394, test_acc_avg 0.3781999905705452
Best Accuracy 0.398599989960591
dnn_hidden_units : 100
learning_rate : 0.002
max_steps : 3000
batch_size : 100
eval_freq : 100
data_dir : ./cifar10/cifar-10-batches-py
neg_slope : 0.02
optimizer : Adadelta
[DEBUG], Device  cuda:0
n_inputs 3072, n_classes 10
[DEBUG] start training
iter 0, train_loss_avg 18.080524444580078, test_loss_avg 20.473026275634766, train_acc 0.14000000059604645, test_acc_avg 0.09029999752963583
iter 100, train_loss_avg 13.257108848873932, test_loss_avg 10.312752723693848, train_acc 0.20999999344348907, test_acc_avg 0.17579999538759392
iter 200, train_loss_avg 11.392836663260388, test_loss_avg 8.636758804321289, train_acc 0.25999999046325684, test_acc_avg 0.21119999406735102
iter 300, train_loss_avg 10.265079195713284, test_loss_avg 7.8641157150268555, train_acc 0.25999999046325684, test_acc_avg 0.23249999349812667
iter 400, train_loss_avg 9.595946222766676, test_loss_avg 7.282668590545654, train_acc 0.29999998211860657, test_acc_avg 0.24429999309778214
iter 500, train_loss_avg 9.085197074684555, test_loss_avg 6.893718719482422, train_acc 0.1899999976158142, test_acc_avg 0.2566999930391709
iter 600, train_loss_avg 8.650878945920313, test_loss_avg 6.600947856903076, train_acc 0.2199999988079071, test_acc_avg 0.25999999295671783
iter 700, train_loss_avg 8.312198283838988, test_loss_avg 6.34243106842041, train_acc 0.25999999046325684, test_acc_avg 0.2688999926969409
iter 800, train_loss_avg 8.036054629660427, test_loss_avg 6.096100330352783, train_acc 0.32999998331069946, test_acc_avg 0.2727999927649895
iter 900, train_loss_avg 7.800634101545904, test_loss_avg 5.926586151123047, train_acc 0.2800000011920929, test_acc_avg 0.2773999927292268
iter 1000, train_loss_avg 7.587059043385051, test_loss_avg 5.7659010887146, train_acc 0.3100000023841858, test_acc_avg 0.2856999927908182
iter 1100, train_loss_avg 7.387959712424352, test_loss_avg 5.577552318572998, train_acc 0.28999999165534973, test_acc_avg 0.2949999923805396
iter 1200, train_loss_avg 7.21216300008299, test_loss_avg 5.441040515899658, train_acc 0.32999998331069946, test_acc_avg 0.29629999267558255
iter 1300, train_loss_avg 7.062777017465836, test_loss_avg 5.326007843017578, train_acc 0.3499999940395355, test_acc_avg 0.29229999230553705
iter 1400, train_loss_avg 6.913935907732836, test_loss_avg 5.231634140014648, train_acc 0.3799999952316284, test_acc_avg 0.29959999263783293
iter 1500, train_loss_avg 6.782732017194327, test_loss_avg 5.12783145904541, train_acc 0.28999999165534973, test_acc_avg 0.29809999258319536
iter 1600, train_loss_avg 6.656758490984772, test_loss_avg 5.028097152709961, train_acc 0.28999999165534973, test_acc_avg 0.30299999270836514
iter 1700, train_loss_avg 6.540516204794739, test_loss_avg 4.941273212432861, train_acc 0.25999999046325684, test_acc_avg 0.3096999925772349
iter 1800, train_loss_avg 6.432346090616483, test_loss_avg 4.865494728088379, train_acc 0.26999998092651367, test_acc_avg 0.30619999243319035
iter 1900, train_loss_avg 6.3314710453521075, test_loss_avg 4.78950309753418, train_acc 0.29999998211860657, test_acc_avg 0.30889999244610467
iter 2000, train_loss_avg 6.237951566671384, test_loss_avg 4.754846096038818, train_acc 0.29999998211860657, test_acc_avg 0.30379999250173567
iter 2100, train_loss_avg 6.145805801566812, test_loss_avg 4.646933078765869, train_acc 0.4099999964237213, test_acc_avg 0.31059999246398606
iter 2200, train_loss_avg 6.057482957190029, test_loss_avg 4.571704387664795, train_acc 0.3400000035762787, test_acc_avg 0.3155999921311935
iter 2300, train_loss_avg 5.977693846929286, test_loss_avg 4.530349254608154, train_acc 0.38999998569488525, test_acc_avg 0.3175999921957652
iter 2400, train_loss_avg 5.900671140594514, test_loss_avg 4.480174541473389, train_acc 0.3400000035762787, test_acc_avg 0.319199992492795
iter 2500, train_loss_avg 5.830116157768155, test_loss_avg 4.426451206207275, train_acc 0.38999998569488525, test_acc_avg 0.31449999231100084
iter 2600, train_loss_avg 5.75778865355888, test_loss_avg 4.342848300933838, train_acc 0.3999999761581421, test_acc_avg 0.3176999925772349
iter 2700, train_loss_avg 5.68980329992682, test_loss_avg 4.298602104187012, train_acc 0.3799999952316284, test_acc_avg 0.32579999207953614
iter 2800, train_loss_avg 5.625464405855167, test_loss_avg 4.254335403442383, train_acc 0.23999999463558197, test_acc_avg 0.3218999923368295
iter 2900, train_loss_avg 5.562080184330985, test_loss_avg 4.214322566986084, train_acc 0.3499999940395355, test_acc_avg 0.3262999924868345
Best Accuracy 0.3262999924868345
