[DEBUG] Training start...
 Accuracy 0.10999999712531765 --dnn_hidden_units 500, 500 --learning_rate 0.02 --max_steps 1500 --batch_size 100 --optimizer SGD
 Accuracy 0.3281999924282233 --dnn_hidden_units 500, 500 --learning_rate 0.02 --max_steps 1500 --batch_size 100 --optimizer Adam
 Accuracy 0.40739998934666316 --dnn_hidden_units 500, 500 --learning_rate 0.02 --max_steps 1500 --batch_size 100 --optimizer Adamax
 Accuracy 0.46359998772541683 --dnn_hidden_units 500, 500 --learning_rate 0.02 --max_steps 1500 --batch_size 100 --optimizer Adagrad
------------------------------------------------------------------------------------------------------------------

 Accuracy 0.10829999704658985 --dnn_hidden_units 500, 500 --learning_rate 0.02 --max_steps 1500 --batch_size 200 --optimizer SGD
 Accuracy 0.3812999906341235 --dnn_hidden_units 500, 500 --learning_rate 0.02 --max_steps 1500 --batch_size 200 --optimizer Adam
 Accuracy 0.44519998985528947 --dnn_hidden_units 500, 500 --learning_rate 0.02 --max_steps 1500 --batch_size 200 --optimizer Adamax
 Accuracy 0.4792999885082245 --dnn_hidden_units 500, 500 --learning_rate 0.02 --max_steps 1500 --batch_size 200 --optimizer Adagrad
------------------------------------------------------------------------------------------------------------------

 Accuracy 0.10858400404949983 --dnn_hidden_units 500, 500 --learning_rate 0.02 --max_steps 1500 --batch_size 250 --optimizer SGD
 Accuracy 0.3891866842706998 --dnn_hidden_units 500, 500 --learning_rate 0.02 --max_steps 1500 --batch_size 250 --optimizer Adam
 Accuracy 0.46973602135976156 --dnn_hidden_units 500, 500 --learning_rate 0.02 --max_steps 1500 --batch_size 250 --optimizer Adamax
 Accuracy 0.4798960210084915 --dnn_hidden_units 500, 500 --learning_rate 0.02 --max_steps 1500 --batch_size 250 --optimizer Adagrad
------------------------------------------------------------------------------------------------------------------

 Accuracy 0.10999999703963598 --dnn_hidden_units 500, 500 --learning_rate 0.02 --max_steps 3000 --batch_size 100 --optimizer SGD
 Accuracy 0.3604999916950862 --dnn_hidden_units 500, 500 --learning_rate 0.02 --max_steps 3000 --batch_size 100 --optimizer Adam
 Accuracy 0.4189999890426795 --dnn_hidden_units 500, 500 --learning_rate 0.02 --max_steps 3000 --batch_size 100 --optimizer Adamax
 Accuracy 0.4912999874750773 --dnn_hidden_units 500, 500 --learning_rate 0.02 --max_steps 3000 --batch_size 100 --optimizer Adagrad
------------------------------------------------------------------------------------------------------------------

 Accuracy 0.10829999707142512 --dnn_hidden_units 500, 500 --learning_rate 0.02 --max_steps 3000 --batch_size 200 --optimizer SGD
 Accuracy 0.3947999904851119 --dnn_hidden_units 500, 500 --learning_rate 0.02 --max_steps 3000 --batch_size 200 --optimizer Adam
 Accuracy 0.43899999000628787 --dnn_hidden_units 500, 500 --learning_rate 0.02 --max_steps 3000 --batch_size 200 --optimizer Adamax
 Accuracy 0.5045999874472618 --dnn_hidden_units 500, 500 --learning_rate 0.02 --max_steps 3000 --batch_size 200 --optimizer Adagrad
------------------------------------------------------------------------------------------------------------------

 Accuracy 0.10860000396768252 --dnn_hidden_units 500, 500 --learning_rate 0.02 --max_steps 3000 --batch_size 250 --optimizer SGD
 Accuracy 0.4073000187675158 --dnn_hidden_units 500, 500 --learning_rate 0.02 --max_steps 3000 --batch_size 250 --optimizer Adam
 Accuracy 0.45860002103447917 --dnn_hidden_units 500, 500 --learning_rate 0.02 --max_steps 3000 --batch_size 250 --optimizer Adamax
 Accuracy 0.5055000215073426 --dnn_hidden_units 500, 500 --learning_rate 0.02 --max_steps 3000 --batch_size 250 --optimizer Adagrad
------------------------------------------------------------------------------------------------------------------

 Accuracy 0.48409998712937036 --dnn_hidden_units 500, 500 --learning_rate 0.002 --max_steps 1500 --batch_size 100 --optimizer SGD
 Accuracy 0.4678999878168106 --dnn_hidden_units 500, 500 --learning_rate 0.002 --max_steps 1500 --batch_size 100 --optimizer Adam
 Accuracy 0.45309998816251756 --dnn_hidden_units 500, 500 --learning_rate 0.002 --max_steps 1500 --batch_size 100 --optimizer Adamax
 Accuracy 0.4594999876221021 --dnn_hidden_units 500, 500 --learning_rate 0.002 --max_steps 1500 --batch_size 100 --optimizer Adagrad
------------------------------------------------------------------------------------------------------------------

 Accuracy 0.489999988079071 --dnn_hidden_units 500, 500 --learning_rate 0.002 --max_steps 1500 --batch_size 200 --optimizer SGD
 Accuracy 0.4838999882340431 --dnn_hidden_units 500, 500 --learning_rate 0.002 --max_steps 1500 --batch_size 200 --optimizer Adam
 Accuracy 0.46369998915990196 --dnn_hidden_units 500, 500 --learning_rate 0.002 --max_steps 1500 --batch_size 200 --optimizer Adamax
 Accuracy 0.4745999888181686 --dnn_hidden_units 500, 500 --learning_rate 0.002 --max_steps 1500 --batch_size 200 --optimizer Adagrad
------------------------------------------------------------------------------------------------------------------

 Accuracy 0.4846426883935928 --dnn_hidden_units 500, 500 --learning_rate 0.002 --max_steps 1500 --batch_size 250 --optimizer SGD
 Accuracy 0.4995520218412081 --dnn_hidden_units 500, 500 --learning_rate 0.002 --max_steps 1500 --batch_size 250 --optimizer Adam
 Accuracy 0.4776640208760897 --dnn_hidden_units 500, 500 --learning_rate 0.002 --max_steps 1500 --batch_size 250 --optimizer Adamax
 Accuracy 0.47766135456164677 --dnn_hidden_units 500, 500 --learning_rate 0.002 --max_steps 1500 --batch_size 250 --optimizer Adagrad
------------------------------------------------------------------------------------------------------------------

 Accuracy 0.49159998712937036 --dnn_hidden_units 500, 500 --learning_rate 0.002 --max_steps 3000 --batch_size 100 --optimizer SGD
 Accuracy 0.4687999876141548 --dnn_hidden_units 500, 500 --learning_rate 0.002 --max_steps 3000 --batch_size 100 --optimizer Adam
 Accuracy 0.47229998784263927 --dnn_hidden_units 500, 500 --learning_rate 0.002 --max_steps 3000 --batch_size 100 --optimizer Adamax
 Accuracy 0.475599987188975 --dnn_hidden_units 500, 500 --learning_rate 0.002 --max_steps 3000 --batch_size 100 --optimizer Adagrad
------------------------------------------------------------------------------------------------------------------

 Accuracy 0.4962999880512555 --dnn_hidden_units 500, 500 --learning_rate 0.002 --max_steps 3000 --batch_size 200 --optimizer SGD
 Accuracy 0.4924999881883462 --dnn_hidden_units 500, 500 --learning_rate 0.002 --max_steps 3000 --batch_size 200 --optimizer Adam
 Accuracy 0.490099987834692 --dnn_hidden_units 500, 500 --learning_rate 0.002 --max_steps 3000 --batch_size 200 --optimizer Adamax
 Accuracy 0.488899988313516 --dnn_hidden_units 500, 500 --learning_rate 0.002 --max_steps 3000 --batch_size 200 --optimizer Adagrad
------------------------------------------------------------------------------------------------------------------

 Accuracy 0.49440002158284185 --dnn_hidden_units 500, 500 --learning_rate 0.002 --max_steps 3000 --batch_size 250 --optimizer SGD
 Accuracy 0.5097000220020612 --dnn_hidden_units 500, 500 --learning_rate 0.002 --max_steps 3000 --batch_size 250 --optimizer Adam
 Accuracy 0.4924000214636326 --dnn_hidden_units 500, 500 --learning_rate 0.002 --max_steps 3000 --batch_size 250 --optimizer Adamax
 Accuracy 0.4945000215967496 --dnn_hidden_units 500, 500 --learning_rate 0.002 --max_steps 3000 --batch_size 250 --optimizer Adagrad
------------------------------------------------------------------------------------------------------------------

 Accuracy 0.39599998953938487 --dnn_hidden_units 500, 500 --learning_rate 0.0002 --max_steps 1500 --batch_size 100 --optimizer SGD
 Accuracy 0.4771999877889951 --dnn_hidden_units 500, 500 --learning_rate 0.0002 --max_steps 1500 --batch_size 100 --optimizer Adam
 Accuracy 0.44819998812675477 --dnn_hidden_units 500, 500 --learning_rate 0.0002 --max_steps 1500 --batch_size 100 --optimizer Adamax
 Accuracy 0.3992999899188677 --dnn_hidden_units 500, 500 --learning_rate 0.0002 --max_steps 1500 --batch_size 100 --optimizer Adagrad
------------------------------------------------------------------------------------------------------------------

 Accuracy 0.401499990383784 --dnn_hidden_units 500, 500 --learning_rate 0.0002 --max_steps 1500 --batch_size 200 --optimizer SGD
 Accuracy 0.4876999882658323 --dnn_hidden_units 500, 500 --learning_rate 0.0002 --max_steps 1500 --batch_size 200 --optimizer Adam
 Accuracy 0.46689998892943063 --dnn_hidden_units 500, 500 --learning_rate 0.0002 --max_steps 1500 --batch_size 200 --optimizer Adamax
 Accuracy 0.41639999000231426 --dnn_hidden_units 500, 500 --learning_rate 0.0002 --max_steps 1500 --batch_size 200 --optimizer Adagrad
------------------------------------------------------------------------------------------------------------------

 Accuracy 0.3990800180633863 --dnn_hidden_units 500, 500 --learning_rate 0.0002 --max_steps 1500 --batch_size 250 --optimizer SGD
 Accuracy 0.49595202213525774 --dnn_hidden_units 500, 500 --learning_rate 0.0002 --max_steps 1500 --batch_size 250 --optimizer Adam
 Accuracy 0.47974935491879783 --dnn_hidden_units 500, 500 --learning_rate 0.0002 --max_steps 1500 --batch_size 250 --optimizer Adamax
 Accuracy 0.4263546868364016 --dnn_hidden_units 500, 500 --learning_rate 0.0002 --max_steps 1500 --batch_size 250 --optimizer Adagrad
------------------------------------------------------------------------------------------------------------------

 Accuracy 0.43029998857776325 --dnn_hidden_units 500, 500 --learning_rate 0.0002 --max_steps 3000 --batch_size 100 --optimizer SGD
 Accuracy 0.4956999873816967 --dnn_hidden_units 500, 500 --learning_rate 0.0002 --max_steps 3000 --batch_size 100 --optimizer Adam
 Accuracy 0.48569998766978584 --dnn_hidden_units 500, 500 --learning_rate 0.0002 --max_steps 3000 --batch_size 100 --optimizer Adamax
 Accuracy 0.4165999891112248 --dnn_hidden_units 500, 500 --learning_rate 0.0002 --max_steps 3000 --batch_size 100 --optimizer Adagrad
------------------------------------------------------------------------------------------------------------------

 Accuracy 0.43619998993476233 --dnn_hidden_units 500, 500 --learning_rate 0.0002 --max_steps 3000 --batch_size 200 --optimizer SGD
 Accuracy 0.5033999878466129 --dnn_hidden_units 500, 500 --learning_rate 0.0002 --max_steps 3000 --batch_size 200 --optimizer Adam
 Accuracy 0.4965999877154827 --dnn_hidden_units 500, 500 --learning_rate 0.0002 --max_steps 3000 --batch_size 200 --optimizer Adamax
 Accuracy 0.4378999898930391 --dnn_hidden_units 500, 500 --learning_rate 0.0002 --max_steps 3000 --batch_size 200 --optimizer Adagrad
------------------------------------------------------------------------------------------------------------------

 Accuracy 0.42950002057353653 --dnn_hidden_units 500, 500 --learning_rate 0.0002 --max_steps 3000 --batch_size 250 --optimizer SGD
 Accuracy 0.5033000213603178 --dnn_hidden_units 500, 500 --learning_rate 0.0002 --max_steps 3000 --batch_size 250 --optimizer Adam
 Accuracy 0.501300021191438 --dnn_hidden_units 500, 500 --learning_rate 0.0002 --max_steps 3000 --batch_size 250 --optimizer Adamax
 Accuracy 0.440400020857652 --dnn_hidden_units 500, 500 --learning_rate 0.0002 --max_steps 3000 --batch_size 250 --optimizer Adagrad
------------------------------------------------------------------------------------------------------------------

 Accuracy 0.11599999688441555 --dnn_hidden_units 300,500,300 --learning_rate 0.02 --max_steps 1500 --batch_size 100 --optimizer SGD
 Accuracy 0.290299992253383 --dnn_hidden_units 300,500,300 --learning_rate 0.02 --max_steps 1500 --batch_size 100 --optimizer Adam
 Accuracy 0.3795999909639359 --dnn_hidden_units 300,500,300 --learning_rate 0.02 --max_steps 1500 --batch_size 100 --optimizer Adamax
 Accuracy 0.44229998832941053 --dnn_hidden_units 300,500,300 --learning_rate 0.02 --max_steps 1500 --batch_size 100 --optimizer Adagrad
------------------------------------------------------------------------------------------------------------------

 Accuracy 0.15139999624093373 --dnn_hidden_units 300,500,300 --learning_rate 0.02 --max_steps 1500 --batch_size 200 --optimizer SGD
 Accuracy 0.3002999931176504 --dnn_hidden_units 300,500,300 --learning_rate 0.02 --max_steps 1500 --batch_size 200 --optimizer Adam
 Accuracy 0.3876999906301498 --dnn_hidden_units 300,500,300 --learning_rate 0.02 --max_steps 1500 --batch_size 200 --optimizer Adamax
 Accuracy 0.46259998963276544 --dnn_hidden_units 300,500,300 --learning_rate 0.02 --max_steps 1500 --batch_size 200 --optimizer Adagrad
------------------------------------------------------------------------------------------------------------------

 Accuracy 0.1833573416918516 --dnn_hidden_units 300,500,300 --learning_rate 0.02 --max_steps 1500 --batch_size 250 --optimizer SGD
 Accuracy 0.40372801826397575 --dnn_hidden_units 300,500,300 --learning_rate 0.02 --max_steps 1500 --batch_size 250 --optimizer Adam
 Accuracy 0.3853653506835302 --dnn_hidden_units 300,500,300 --learning_rate 0.02 --max_steps 1500 --batch_size 250 --optimizer Adamax
 Accuracy 0.45587735414505004 --dnn_hidden_units 300,500,300 --learning_rate 0.02 --max_steps 1500 --batch_size 250 --optimizer Adagrad
------------------------------------------------------------------------------------------------------------------

 Accuracy 0.11599999695892135 --dnn_hidden_units 300,500,300 --learning_rate 0.02 --max_steps 3000 --batch_size 100 --optimizer SGD
 Accuracy 0.34299999199807646 --dnn_hidden_units 300,500,300 --learning_rate 0.02 --max_steps 3000 --batch_size 100 --optimizer Adam
 Accuracy 0.4467999882300695 --dnn_hidden_units 300,500,300 --learning_rate 0.02 --max_steps 3000 --batch_size 100 --optimizer Adamax
 Accuracy 0.4766999876101812 --dnn_hidden_units 300,500,300 --learning_rate 0.02 --max_steps 3000 --batch_size 100 --optimizer Adagrad
------------------------------------------------------------------------------------------------------------------

 Accuracy 0.15139999620368083 --dnn_hidden_units 300,500,300 --learning_rate 0.02 --max_steps 3000 --batch_size 200 --optimizer SGD
 Accuracy 0.4084999899069468 --dnn_hidden_units 300,500,300 --learning_rate 0.02 --max_steps 3000 --batch_size 200 --optimizer Adam
 Accuracy 0.4671999888618787 --dnn_hidden_units 300,500,300 --learning_rate 0.02 --max_steps 3000 --batch_size 200 --optimizer Adamax
srun: Job step aborted: Waiting up to 32 seconds for job step to finish.
slurmstepd: error: *** JOB 3937283 ON r31n3 CANCELLED AT 2019-11-13T22:14:48 DUE TO TIME LIMIT ***
slurmstepd: error: *** STEP 3937283.0 ON r31n3 CANCELLED AT 2019-11-13T22:14:48 DUE TO TIME LIMIT ***
