[DEBUG] Training start...
 Accuracy 0.39009999005993207 --dnn_hidden_units 250,500,500,250,500,500,250 --learning_rate 0.002 --max_steps 1500 --batch_size 100 --optimizer Adam
 Accuracy 0.4904999873638153 --dnn_hidden_units 250,500,500,250,500,500,250 --learning_rate 0.002 --max_steps 1500 --batch_size 100 --optimizer Adamax
 Accuracy 0.5202999872962634 --dnn_hidden_units 250,500,500,250,500,500,250 --learning_rate 0.002 --max_steps 1500 --batch_size 100 --optimizer Adagrad
------------------------------------------------------------------------------------------------------------------

 Accuracy 0.4624977880716324 --dnn_hidden_units 250,500,500,250,500,500,250 --learning_rate 0.002 --max_steps 1500 --batch_size 150 --optimizer Adam
 Accuracy 0.5168711237112681 --dnn_hidden_units 250,500,500,250,500,500,250 --learning_rate 0.002 --max_steps 1500 --batch_size 150 --optimizer Adamax
 Accuracy 0.5270000144441922 --dnn_hidden_units 250,500,500,250,500,500,250 --learning_rate 0.002 --max_steps 1500 --batch_size 150 --optimizer Adagrad
------------------------------------------------------------------------------------------------------------------

 Accuracy 0.50649998742342 --dnn_hidden_units 250,500,500,250,500,500,250 --learning_rate 0.0002 --max_steps 1500 --batch_size 100 --optimizer Adam
 Accuracy 0.5000999875068665 --dnn_hidden_units 250,500,500,250,500,500,250 --learning_rate 0.0002 --max_steps 1500 --batch_size 100 --optimizer Adamax
 Accuracy 0.452299988090992 --dnn_hidden_units 250,500,500,250,500,500,250 --learning_rate 0.0002 --max_steps 1500 --batch_size 100 --optimizer Adagrad
------------------------------------------------------------------------------------------------------------------

 Accuracy 0.5299422365029652 --dnn_hidden_units 250,500,500,250,500,500,250 --learning_rate 0.0002 --max_steps 1500 --batch_size 150 --optimizer Adam
 Accuracy 0.5122222347855568 --dnn_hidden_units 250,500,500,250,500,500,250 --learning_rate 0.0002 --max_steps 1500 --batch_size 150 --optimizer Adamax
 Accuracy 0.4643733444213867 --dnn_hidden_units 250,500,500,250,500,500,250 --learning_rate 0.0002 --max_steps 1500 --batch_size 150 --optimizer Adagrad
------------------------------------------------------------------------------------------------------------------

 Accuracy 0.4791999877889951 --dnn_hidden_units 250,500,500,250,500,500,250 --learning_rate 2e-05 --max_steps 1500 --batch_size 100 --optimizer Adam
 Accuracy 0.4233999892473221 --dnn_hidden_units 250,500,500,250,500,500,250 --learning_rate 2e-05 --max_steps 1500 --batch_size 100 --optimizer Adamax
 Accuracy 0.2953999923368295 --dnn_hidden_units 250,500,500,250,500,500,250 --learning_rate 2e-05 --max_steps 1500 --batch_size 100 --optimizer Adagrad
------------------------------------------------------------------------------------------------------------------

 Accuracy 0.49523556723197304 --dnn_hidden_units 250,500,500,250,500,500,250 --learning_rate 2e-05 --max_steps 1500 --batch_size 150 --optimizer Adam
 Accuracy 0.4372577881415685 --dnn_hidden_units 250,500,500,250,500,500,250 --learning_rate 2e-05 --max_steps 1500 --batch_size 150 --optimizer Adamax
 Accuracy 0.30288445088267324 --dnn_hidden_units 250,500,500,250,500,500,250 --learning_rate 2e-05 --max_steps 1500 --batch_size 150 --optimizer Adagrad
------------------------------------------------------------------------------------------------------------------

 Accuracy 0.26399999282260733 --dnn_hidden_units 300,300,400,700,500,700,400,300,300 --learning_rate 0.002 --max_steps 1500 --batch_size 100 --optimizer Adam
 Accuracy 0.4899999876817068 --dnn_hidden_units 300,300,400,700,500,700,400,300,300 --learning_rate 0.002 --max_steps 1500 --batch_size 100 --optimizer Adamax
 Accuracy 0.5098999869823456 --dnn_hidden_units 300,300,400,700,500,700,400,300,300 --learning_rate 0.002 --max_steps 1500 --batch_size 100 --optimizer Adagrad
------------------------------------------------------------------------------------------------------------------

 Accuracy 0.2641777841746807 --dnn_hidden_units 300,300,400,700,500,700,400,300,300 --learning_rate 0.002 --max_steps 1500 --batch_size 150 --optimizer Adam
 Accuracy 0.5085600137511889 --dnn_hidden_units 300,300,400,700,500,700,400,300,300 --learning_rate 0.002 --max_steps 1500 --batch_size 150 --optimizer Adamax
 Accuracy 0.5251555692156156 --dnn_hidden_units 300,300,400,700,500,700,400,300,300 --learning_rate 0.002 --max_steps 1500 --batch_size 150 --optimizer Adagrad
------------------------------------------------------------------------------------------------------------------

 Accuracy 0.5024999870260557 --dnn_hidden_units 300,300,400,700,500,700,400,300,300 --learning_rate 0.0002 --max_steps 1500 --batch_size 100 --optimizer Adam
 Accuracy 0.4940999873479207 --dnn_hidden_units 300,300,400,700,500,700,400,300,300 --learning_rate 0.0002 --max_steps 1500 --batch_size 100 --optimizer Adamax
 Accuracy 0.4417999884287516 --dnn_hidden_units 300,300,400,700,500,700,400,300,300 --learning_rate 0.0002 --max_steps 1500 --batch_size 100 --optimizer Adagrad
------------------------------------------------------------------------------------------------------------------

 Accuracy 0.5215955697894097 --dnn_hidden_units 300,300,400,700,500,700,400,300,300 --learning_rate 0.0002 --max_steps 1500 --batch_size 150 --optimizer Adam
 Accuracy 0.5098311234513918 --dnn_hidden_units 300,300,400,700,500,700,400,300,300 --learning_rate 0.0002 --max_steps 1500 --batch_size 150 --optimizer Adamax
 Accuracy 0.4500222324927648 --dnn_hidden_units 300,300,400,700,500,700,400,300,300 --learning_rate 0.0002 --max_steps 1500 --batch_size 150 --optimizer Adagrad
------------------------------------------------------------------------------------------------------------------

 Accuracy 0.4634999879995982 --dnn_hidden_units 300,300,400,700,500,700,400,300,300 --learning_rate 2e-05 --max_steps 1500 --batch_size 100 --optimizer Adam
 Accuracy 0.39079999054471654 --dnn_hidden_units 300,300,400,700,500,700,400,300,300 --learning_rate 2e-05 --max_steps 1500 --batch_size 100 --optimizer Adamax
 Accuracy 0.25359999315440657 --dnn_hidden_units 300,300,400,700,500,700,400,300,300 --learning_rate 2e-05 --max_steps 1500 --batch_size 100 --optimizer Adagrad
------------------------------------------------------------------------------------------------------------------

 Accuracy 0.48439112210273744 --dnn_hidden_units 300,300,400,700,500,700,400,300,300 --learning_rate 2e-05 --max_steps 1500 --batch_size 150 --optimizer Adam
 Accuracy 0.4055111204981804 --dnn_hidden_units 300,300,400,700,500,700,400,300,300 --learning_rate 2e-05 --max_steps 1500 --batch_size 150 --optimizer Adamax
 Accuracy 0.26341333956519764 --dnn_hidden_units 300,300,400,700,500,700,400,300,300 --learning_rate 2e-05 --max_steps 1500 --batch_size 150 --optimizer Adagrad
------------------------------------------------------------------------------------------------------------------

[DEBUG] Done training
[DEBUG] Wrote to test.csv done.
